/home/yusy/maedongyee/aicar_madongeeee/aicar_ws/install/aicar_driver/lib/python3.10/site-packages/aicar_driver/motor_stop_node.py
/home/yusy/maedongyee/aicar_madongeeee/aicar_ws/install/aicar_driver/lib/python3.10/site-packages/aicar_driver/motor_controller_node.py
/home/yusy/maedongyee/aicar_madongeeee/aicar_ws/install/aicar_driver/lib/python3.10/site-packages/aicar_driver/drive_direction_display_node.py
/home/yusy/maedongyee/aicar_madongeeee/aicar_ws/install/aicar_driver/lib/python3.10/site-packages/aicar_driver/differential_drive_node.py
/home/yusy/maedongyee/aicar_madongeeee/aicar_ws/install/aicar_driver/lib/python3.10/site-packages/aicar_driver/__init__.py
/home/yusy/maedongyee/aicar_madongeeee/aicar_ws/install/aicar_driver/lib/python3.10/site-packages/aicar_driver/__pycache__/motor_stop_node.cpython-310.pyc
/home/yusy/maedongyee/aicar_madongeeee/aicar_ws/install/aicar_driver/lib/python3.10/site-packages/aicar_driver/__pycache__/motor_controller_node.cpython-310.pyc
/home/yusy/maedongyee/aicar_madongeeee/aicar_ws/install/aicar_driver/lib/python3.10/site-packages/aicar_driver/__pycache__/drive_direction_display_node.cpython-310.pyc
/home/yusy/maedongyee/aicar_madongeeee/aicar_ws/install/aicar_driver/lib/python3.10/site-packages/aicar_driver/__pycache__/differential_drive_node.cpython-310.pyc
/home/yusy/maedongyee/aicar_madongeeee/aicar_ws/install/aicar_driver/lib/python3.10/site-packages/aicar_driver/__pycache__/__init__.cpython-310.pyc
/home/yusy/maedongyee/aicar_madongeeee/aicar_ws/install/aicar_driver/share/ament_index/resource_index/packages/aicar_driver
/home/yusy/maedongyee/aicar_madongeeee/aicar_ws/install/aicar_driver/share/aicar_driver/package.xml
/home/yusy/maedongyee/aicar_madongeeee/aicar_ws/install/aicar_driver/lib/python3.10/site-packages/aicar_driver-0.0.0-py3.10.egg-info/entry_points.txt
/home/yusy/maedongyee/aicar_madongeeee/aicar_ws/install/aicar_driver/lib/python3.10/site-packages/aicar_driver-0.0.0-py3.10.egg-info/zip-safe
/home/yusy/maedongyee/aicar_madongeeee/aicar_ws/install/aicar_driver/lib/python3.10/site-packages/aicar_driver-0.0.0-py3.10.egg-info/PKG-INFO
/home/yusy/maedongyee/aicar_madongeeee/aicar_ws/install/aicar_driver/lib/python3.10/site-packages/aicar_driver-0.0.0-py3.10.egg-info/requires.txt
/home/yusy/maedongyee/aicar_madongeeee/aicar_ws/install/aicar_driver/lib/python3.10/site-packages/aicar_driver-0.0.0-py3.10.egg-info/top_level.txt
/home/yusy/maedongyee/aicar_madongeeee/aicar_ws/install/aicar_driver/lib/python3.10/site-packages/aicar_driver-0.0.0-py3.10.egg-info/SOURCES.txt
/home/yusy/maedongyee/aicar_madongeeee/aicar_ws/install/aicar_driver/lib/python3.10/site-packages/aicar_driver-0.0.0-py3.10.egg-info/dependency_links.txt
/home/yusy/maedongyee/aicar_madongeeee/aicar_ws/install/aicar_driver/lib/aicar_driver/differential_drive_node
/home/yusy/maedongyee/aicar_madongeeee/aicar_ws/install/aicar_driver/lib/aicar_driver/drive_direction_display_node
/home/yusy/maedongyee/aicar_madongeeee/aicar_ws/install/aicar_driver/lib/aicar_driver/motor_controller_node
/home/yusy/maedongyee/aicar_madongeeee/aicar_ws/install/aicar_driver/lib/aicar_driver/motor_stop_node
