[0.021s] Invoking command in '/root/camera_ws/src/build/camera_ros': CMAKE_PREFIX_PATH=/opt/ros/humble /usr/bin/cmake /root/camera_ws/src/camera_ros -DCMAKE_INSTALL_PREFIX=/root/camera_ws/src/install/camera_ros
[0.310s] -- The C compiler identification is GNU 11.4.0
[0.440s] -- The CXX compiler identification is GNU 11.4.0
[0.463s] -- Detecting C compiler ABI info
[0.716s] -- Detecting C compiler ABI info - done
[0.728s] -- Check for working C compiler: /usr/bin/cc - skipped
[0.729s] -- Detecting C compile features
[0.730s] -- Detecting C compile features - done
[0.734s] -- Detecting CXX compiler ABI info
[0.921s] -- Detecting CXX compiler ABI info - done
[0.932s] -- Check for working CXX compiler: /usr/bin/c++ - skipped
[0.933s] -- Detecting CXX compile features
[0.933s] -- Detecting CXX compile features - done
[0.938s] -- Found ament_cmake: 1.3.12 (/opt/ros/humble/share/ament_cmake/cmake)
[1.211s] -- Found Python3: /usr/bin/python3 (found version "3.10.12") found components: Interpreter 
[1.355s] -- Found PkgConfig: /usr/bin/pkg-config (found version "0.29.2") 
[1.357s] -- Found rclcpp: 16.0.15 (/opt/ros/humble/share/rclcpp/cmake)
[1.401s] -- Found rosidl_generator_c: 3.1.7 (/opt/ros/humble/share/rosidl_generator_c/cmake)
[1.406s] -- Found rosidl_adapter: 3.1.7 (/opt/ros/humble/share/rosidl_adapter/cmake)
[1.416s] -- Found rosidl_generator_cpp: 3.1.7 (/opt/ros/humble/share/rosidl_generator_cpp/cmake)
[1.431s] -- Using all available rosidl_typesupport_c: rosidl_typesupport_fastrtps_c;rosidl_typesupport_introspection_c
[1.451s] -- Using all available rosidl_typesupport_cpp: rosidl_typesupport_fastrtps_cpp;rosidl_typesupport_introspection_cpp
[1.503s] -- Found rmw_implementation_cmake: 6.1.2 (/opt/ros/humble/share/rmw_implementation_cmake/cmake)
[1.506s] -- Found rmw_fastrtps_cpp: 6.2.9 (/opt/ros/humble/share/rmw_fastrtps_cpp/cmake)
[1.747s] -- Found OpenSSL: /usr/lib/aarch64-linux-gnu/libcrypto.so (found version "3.0.2")  
[1.781s] -- Found FastRTPS: /opt/ros/humble/include  
[1.839s] -- Using RMW implementation 'rmw_fastrtps_cpp' as default
[1.852s] -- Looking for pthread.h
[2.033s] -- Looking for pthread.h - found
[2.033s] -- Performing Test CMAKE_HAVE_LIBC_PTHREAD
[2.218s] -- Performing Test CMAKE_HAVE_LIBC_PTHREAD - Success
[2.220s] -- Found Threads: TRUE  
[2.291s] -- Found rclcpp_components: 16.0.15 (/opt/ros/humble/share/rclcpp_components/cmake)
[2.324s] -- Found sensor_msgs: 4.9.0 (/opt/ros/humble/share/sensor_msgs/cmake)
[2.373s] [31mCMake Error at CMakeLists.txt:23 (find_package):
[2.373s]   By not providing "Findcamera_info_manager.cmake" in CMAKE_MODULE_PATH this
[2.373s]   project has asked CMake to find a package configuration file provided by
[2.373s]   "camera_info_manager", but CMake did not find one.
[2.374s] 
[2.374s]   Could not find a package configuration file provided by
[2.374s]   "camera_info_manager" with any of the following names:
[2.374s] 
[2.374s]     camera_info_managerConfig.cmake
[2.374s]     camera_info_manager-config.cmake
[2.374s] 
[2.374s]   Add the installation prefix of "camera_info_manager" to CMAKE_PREFIX_PATH
[2.374s]   or set "camera_info_manager_DIR" to a directory containing one of the above
[2.374s]   files.  If "camera_info_manager" provides a separate development package or
[2.374s]   SDK, be sure it has been installed.
[2.374s] 
[2.374s] [0m
[2.374s] -- Configuring incomplete, errors occurred!
[2.375s] See also "/root/camera_ws/src/build/camera_ros/CMakeFiles/CMakeOutput.log".
[2.387s] Invoked command in '/root/camera_ws/src/build/camera_ros' returned '1': CMAKE_PREFIX_PATH=/opt/ros/humble /usr/bin/cmake /root/camera_ws/src/camera_ros -DCMAKE_INSTALL_PREFIX=/root/camera_ws/src/install/camera_ros
