/home/yusy/maedongyee/aicar_madongeeee/aicar_ws/install/aicar_vision/lib/python3.10/site-packages/aicar_vision/bev_viewer_node.py
/home/yusy/maedongyee/aicar_madongeeee/aicar_ws/install/aicar_vision/lib/python3.10/site-packages/aicar_vision/lane_detector_node.py
/home/yusy/maedongyee/aicar_madongeeee/aicar_ws/install/aicar_vision/lib/python3.10/site-packages/aicar_vision/sign_detector_node.py
/home/yusy/maedongyee/aicar_madongeeee/aicar_ws/install/aicar_vision/lib/python3.10/site-packages/aicar_vision/__init__.py
/home/yusy/maedongyee/aicar_madongeeee/aicar_ws/install/aicar_vision/lib/python3.10/site-packages/aicar_vision/fake_detector_node.py
/home/yusy/maedongyee/aicar_madongeeee/aicar_ws/install/aicar_vision/lib/python3.10/site-packages/aicar_vision/__pycache__/bev_viewer_node.cpython-310.pyc
/home/yusy/maedongyee/aicar_madongeeee/aicar_ws/install/aicar_vision/lib/python3.10/site-packages/aicar_vision/__pycache__/lane_detector_node.cpython-310.pyc
/home/yusy/maedongyee/aicar_madongeeee/aicar_ws/install/aicar_vision/lib/python3.10/site-packages/aicar_vision/__pycache__/sign_detector_node.cpython-310.pyc
/home/yusy/maedongyee/aicar_madongeeee/aicar_ws/install/aicar_vision/lib/python3.10/site-packages/aicar_vision/__pycache__/__init__.cpython-310.pyc
/home/yusy/maedongyee/aicar_madongeeee/aicar_ws/install/aicar_vision/lib/python3.10/site-packages/aicar_vision/__pycache__/fake_detector_node.cpython-310.pyc
/home/yusy/maedongyee/aicar_madongeeee/aicar_ws/install/aicar_vision/share/ament_index/resource_index/packages/aicar_vision
/home/yusy/maedongyee/aicar_madongeeee/aicar_ws/install/aicar_vision/share/aicar_vision/package.xml
/home/yusy/maedongyee/aicar_madongeeee/aicar_ws/install/aicar_vision/share/aicar_vision/calibration_data/calibration.p
/home/yusy/maedongyee/aicar_madongeeee/aicar_ws/install/aicar_vision/share/aicar_vision/models/best_float32.tflite
/home/yusy/maedongyee/aicar_madongeeee/aicar_ws/install/aicar_vision/lib/python3.10/site-packages/aicar_vision-0.0.0-py3.10.egg-info/entry_points.txt
/home/yusy/maedongyee/aicar_madongeeee/aicar_ws/install/aicar_vision/lib/python3.10/site-packages/aicar_vision-0.0.0-py3.10.egg-info/zip-safe
/home/yusy/maedongyee/aicar_madongeeee/aicar_ws/install/aicar_vision/lib/python3.10/site-packages/aicar_vision-0.0.0-py3.10.egg-info/PKG-INFO
/home/yusy/maedongyee/aicar_madongeeee/aicar_ws/install/aicar_vision/lib/python3.10/site-packages/aicar_vision-0.0.0-py3.10.egg-info/requires.txt
/home/yusy/maedongyee/aicar_madongeeee/aicar_ws/install/aicar_vision/lib/python3.10/site-packages/aicar_vision-0.0.0-py3.10.egg-info/top_level.txt
/home/yusy/maedongyee/aicar_madongeeee/aicar_ws/install/aicar_vision/lib/python3.10/site-packages/aicar_vision-0.0.0-py3.10.egg-info/SOURCES.txt
/home/yusy/maedongyee/aicar_madongeeee/aicar_ws/install/aicar_vision/lib/python3.10/site-packages/aicar_vision-0.0.0-py3.10.egg-info/dependency_links.txt
/home/yusy/maedongyee/aicar_madongeeee/aicar_ws/install/aicar_vision/lib/aicar_vision/bev_viewer_node
/home/yusy/maedongyee/aicar_madongeeee/aicar_ws/install/aicar_vision/lib/aicar_vision/fake_detector_node
/home/yusy/maedongyee/aicar_madongeeee/aicar_ws/install/aicar_vision/lib/aicar_vision/lane_detector_node
/home/yusy/maedongyee/aicar_madongeeee/aicar_ws/install/aicar_vision/lib/aicar_vision/sign_detector_node
