[0.023s] Invoking command in '/root/camera_ws/src/build/camera_ros': CMAKE_PREFIX_PATH=/opt/ros/humble /usr/bin/cmake /root/camera_ws/src/camera_ros -DCMAKE_INSTALL_PREFIX=/root/camera_ws/src/install/camera_ros
[0.045s] -- Found ament_cmake: 1.3.12 (/opt/ros/humble/share/ament_cmake/cmake)
[0.238s] -- Found rclcpp: 16.0.15 (/opt/ros/humble/share/rclcpp/cmake)
[0.271s] -- Found rosidl_generator_c: 3.1.7 (/opt/ros/humble/share/rosidl_generator_c/cmake)
[0.275s] -- Found rosidl_adapter: 3.1.7 (/opt/ros/humble/share/rosidl_adapter/cmake)
[0.282s] -- Found rosidl_generator_cpp: 3.1.7 (/opt/ros/humble/share/rosidl_generator_cpp/cmake)
[0.295s] -- Using all available rosidl_typesupport_c: rosidl_typesupport_fastrtps_c;rosidl_typesupport_introspection_c
[0.312s] -- Using all available rosidl_typesupport_cpp: rosidl_typesupport_fastrtps_cpp;rosidl_typesupport_introspection_cpp
[0.354s] -- Found rmw_implementation_cmake: 6.1.2 (/opt/ros/humble/share/rmw_implementation_cmake/cmake)
[0.356s] -- Found rmw_fastrtps_cpp: 6.2.9 (/opt/ros/humble/share/rmw_fastrtps_cpp/cmake)
[0.491s] -- Using RMW implementation 'rmw_fastrtps_cpp' as default
[0.559s] -- Found rclcpp_components: 16.0.15 (/opt/ros/humble/share/rclcpp_components/cmake)
[0.584s] -- Found sensor_msgs: 4.9.0 (/opt/ros/humble/share/sensor_msgs/cmake)
[0.632s] [31mCMake Error at CMakeLists.txt:23 (find_package):
[0.632s]   By not providing "Findcamera_info_manager.cmake" in CMAKE_MODULE_PATH this
[0.632s]   project has asked CMake to find a package configuration file provided by
[0.633s]   "camera_info_manager", but CMake did not find one.
[0.633s] 
[0.633s]   Could not find a package configuration file provided by
[0.633s]   "camera_info_manager" with any of the following names:
[0.633s] 
[0.633s]     camera_info_managerConfig.cmake
[0.633s]     camera_info_manager-config.cmake
[0.633s] 
[0.633s]   Add the installation prefix of "camera_info_manager" to CMAKE_PREFIX_PATH
[0.633s]   or set "camera_info_manager_DIR" to a directory containing one of the above
[0.633s]   files.  If "camera_info_manager" provides a separate development package or
[0.633s]   SDK, be sure it has been installed.
[0.633s] 
[0.633s] [0m
[0.634s] -- Configuring incomplete, errors occurred!
[0.634s] See also "/root/camera_ws/src/build/camera_ros/CMakeFiles/CMakeOutput.log".
[0.643s] Invoked command in '/root/camera_ws/src/build/camera_ros' returned '1': CMAKE_PREFIX_PATH=/opt/ros/humble /usr/bin/cmake /root/camera_ws/src/camera_ros -DCMAKE_INSTALL_PREFIX=/root/camera_ws/src/install/camera_ros
