[0.576s] Invoking command in '/home/yusy/maedongyee/aicar_madongeeee/aicar_ws/src/aicar_controller': PYTHONPATH=/home/yusy/maedongyee/aicar_madongeeee/aicar_ws/build/aicar_controller/prefix_override:/usr/lib/python3/dist-packages/colcon_core/task/python/colcon_distutils_commands:/home/yusy/maedongyee/aicar_madongeeee/aicar_ws/install/aicar_controller/lib/python3.10/site-packages:${PYTHONPATH} /usr/bin/python3 -W ignore:setup.py install is deprecated -W ignore:easy_install command is deprecated setup.py egg_info --egg-base ../../build/aicar_controller build --build-base /home/yusy/maedongyee/aicar_madongeeee/aicar_ws/build/aicar_controller/build install --record /home/yusy/maedongyee/aicar_madongeeee/aicar_ws/build/aicar_controller/install.log --single-version-externally-managed install_data
[0.693s] running egg_info
[0.694s] writing ../../build/aicar_controller/aicar_controller.egg-info/PKG-INFO
[0.694s] writing dependency_links to ../../build/aicar_controller/aicar_controller.egg-info/dependency_links.txt
[0.694s] writing entry points to ../../build/aicar_controller/aicar_controller.egg-info/entry_points.txt
[0.694s] writing requirements to ../../build/aicar_controller/aicar_controller.egg-info/requires.txt
[0.694s] writing top-level names to ../../build/aicar_controller/aicar_controller.egg-info/top_level.txt
[0.695s] reading manifest file '../../build/aicar_controller/aicar_controller.egg-info/SOURCES.txt'
[0.695s] writing manifest file '../../build/aicar_controller/aicar_controller.egg-info/SOURCES.txt'
[0.695s] running build
[0.695s] running build_py
[0.695s] running install
[0.695s] running install_lib
[0.696s] running install_data
[0.696s] running install_egg_info
[0.697s] removing '/home/yusy/maedongyee/aicar_madongeeee/aicar_ws/install/aicar_controller/lib/python3.10/site-packages/aicar_controller-0.0.0-py3.10.egg-info' (and everything under it)
[0.697s] Copying ../../build/aicar_controller/aicar_controller.egg-info to /home/yusy/maedongyee/aicar_madongeeee/aicar_ws/install/aicar_controller/lib/python3.10/site-packages/aicar_controller-0.0.0-py3.10.egg-info
[0.697s] running install_scripts
[0.708s] Installing pid_controller_node script to /home/yusy/maedongyee/aicar_madongeeee/aicar_ws/install/aicar_controller/lib/aicar_controller
[0.708s] Installing pure_pursuit_node script to /home/yusy/maedongyee/aicar_madongeeee/aicar_ws/install/aicar_controller/lib/aicar_controller
[0.708s] writing list of installed files to '/home/yusy/maedongyee/aicar_madongeeee/aicar_ws/build/aicar_controller/install.log'
[0.720s] Invoked command in '/home/yusy/maedongyee/aicar_madongeeee/aicar_ws/src/aicar_controller' returned '0': PYTHONPATH=/home/yusy/maedongyee/aicar_madongeeee/aicar_ws/build/aicar_controller/prefix_override:/usr/lib/python3/dist-packages/colcon_core/task/python/colcon_distutils_commands:/home/yusy/maedongyee/aicar_madongeeee/aicar_ws/install/aicar_controller/lib/python3.10/site-packages:${PYTHONPATH} /usr/bin/python3 -W ignore:setup.py install is deprecated -W ignore:easy_install command is deprecated setup.py egg_info --egg-base ../../build/aicar_controller build --build-base /home/yusy/maedongyee/aicar_madongeeee/aicar_ws/build/aicar_controller/build install --record /home/yusy/maedongyee/aicar_madongeeee/aicar_ws/build/aicar_controller/install.log --single-version-externally-managed install_data
