[0.034s] Invoking command in '/root/camera_ws/build/camera_ros': CMAKE_PREFIX_PATH=${CMAKE_PREFIX_PATH}:/root/aicar_ws/install/opencv_tests:/root/aicar_ws/install/aicar_vision:/opt/ros/humble /usr/bin/cmake --build /root/camera_ws/build/camera_ros -- -j4 -l4
[0.349s] [ 15%] Built target utils
[0.369s] [ 69%] Built target param
[0.373s] [ 84%] Built target camera_node
[0.437s] [100%] Built target camera_component
[0.458s] Invoked command in '/root/camera_ws/build/camera_ros' returned '0': CMAKE_PREFIX_PATH=${CMAKE_PREFIX_PATH}:/root/aicar_ws/install/opencv_tests:/root/aicar_ws/install/aicar_vision:/opt/ros/humble /usr/bin/cmake --build /root/camera_ws/build/camera_ros -- -j4 -l4
[0.477s] Invoking command in '/root/camera_ws/build/camera_ros': CMAKE_PREFIX_PATH=${CMAKE_PREFIX_PATH}:/root/aicar_ws/install/opencv_tests:/root/aicar_ws/install/aicar_vision:/opt/ros/humble /usr/bin/cmake --install /root/camera_ws/build/camera_ros
[0.492s] -- Install configuration: ""
[0.496s] -- Up-to-date: /root/camera_ws/install/camera_ros/lib/camera_ros/camera_node
[0.497s] -- Up-to-date: /root/camera_ws/install/camera_ros/share/camera_ros/environment/library_path.sh
[0.497s] -- Up-to-date: /root/camera_ws/install/camera_ros/share/camera_ros/environment/library_path.dsv
[0.498s] -- Up-to-date: /root/camera_ws/install/camera_ros/lib/libcamera_component.so
[0.498s] -- Up-to-date: /root/camera_ws/install/camera_ros/share/camera_ros//launch
[0.498s] -- Installing: /root/camera_ws/install/camera_ros/share/camera_ros//launch/camera.launch.py
[0.499s] -- Up-to-date: /root/camera_ws/install/camera_ros/share/ament_index/resource_index/package_run_dependencies/camera_ros
[0.500s] -- Up-to-date: /root/camera_ws/install/camera_ros/share/ament_index/resource_index/parent_prefix_path/camera_ros
[0.500s] -- Up-to-date: /root/camera_ws/install/camera_ros/share/camera_ros/environment/ament_prefix_path.sh
[0.500s] -- Up-to-date: /root/camera_ws/install/camera_ros/share/camera_ros/environment/ament_prefix_path.dsv
[0.500s] -- Up-to-date: /root/camera_ws/install/camera_ros/share/camera_ros/environment/path.sh
[0.500s] -- Up-to-date: /root/camera_ws/install/camera_ros/share/camera_ros/environment/path.dsv
[0.500s] -- Up-to-date: /root/camera_ws/install/camera_ros/share/camera_ros/local_setup.bash
[0.501s] -- Up-to-date: /root/camera_ws/install/camera_ros/share/camera_ros/local_setup.sh
[0.501s] -- Up-to-date: /root/camera_ws/install/camera_ros/share/camera_ros/local_setup.zsh
[0.501s] -- Up-to-date: /root/camera_ws/install/camera_ros/share/camera_ros/local_setup.dsv
[0.501s] -- Installing: /root/camera_ws/install/camera_ros/share/camera_ros/package.dsv
[0.501s] -- Up-to-date: /root/camera_ws/install/camera_ros/share/ament_index/resource_index/packages/camera_ros
[0.502s] -- Up-to-date: /root/camera_ws/install/camera_ros/share/ament_index/resource_index/rclcpp_components/camera_ros
[0.502s] -- Up-to-date: /root/camera_ws/install/camera_ros/share/camera_ros/cmake/camera_componentTargetsExport.cmake
[0.503s] -- Up-to-date: /root/camera_ws/install/camera_ros/share/camera_ros/cmake/camera_componentTargetsExport-noconfig.cmake
[0.503s] -- Up-to-date: /root/camera_ws/install/camera_ros/share/camera_ros/cmake/ament_cmake_export_targets-extras.cmake
[0.503s] -- Up-to-date: /root/camera_ws/install/camera_ros/share/camera_ros/cmake/ament_cmake_export_dependencies-extras.cmake
[0.503s] -- Up-to-date: /root/camera_ws/install/camera_ros/share/camera_ros/cmake/camera_rosConfig.cmake
[0.503s] -- Up-to-date: /root/camera_ws/install/camera_ros/share/camera_ros/cmake/camera_rosConfig-version.cmake
[0.503s] -- Up-to-date: /root/camera_ws/install/camera_ros/share/camera_ros/package.xml
[0.510s] Invoked command in '/root/camera_ws/build/camera_ros' returned '0': CMAKE_PREFIX_PATH=${CMAKE_PREFIX_PATH}:/root/aicar_ws/install/opencv_tests:/root/aicar_ws/install/aicar_vision:/opt/ros/humble /usr/bin/cmake --install /root/camera_ws/build/camera_ros
