running egg_info
writing ../../build/aicar_controller/aicar_controller.egg-info/PKG-INFO
writing dependency_links to ../../build/aicar_controller/aicar_controller.egg-info/dependency_links.txt
writing entry points to ../../build/aicar_controller/aicar_controller.egg-info/entry_points.txt
writing requirements to ../../build/aicar_controller/aicar_controller.egg-info/requires.txt
writing top-level names to ../../build/aicar_controller/aicar_controller.egg-info/top_level.txt
reading manifest file '../../build/aicar_controller/aicar_controller.egg-info/SOURCES.txt'
writing manifest file '../../build/aicar_controller/aicar_controller.egg-info/SOURCES.txt'
running build
running build_py
running install
running install_lib
running install_data
running install_egg_info
removing '/home/yusy/maedongyee/aicar_madongeeee/aicar_ws/install/aicar_controller/lib/python3.10/site-packages/aicar_controller-0.0.0-py3.10.egg-info' (and everything under it)
Copying ../../build/aicar_controller/aicar_controller.egg-info to /home/yusy/maedongyee/aicar_madongeeee/aicar_ws/install/aicar_controller/lib/python3.10/site-packages/aicar_controller-0.0.0-py3.10.egg-info
running install_scripts
Installing pid_controller_node script to /home/yusy/maedongyee/aicar_madongeeee/aicar_ws/install/aicar_controller/lib/aicar_controller
Installing pure_pursuit_node script to /home/yusy/maedongyee/aicar_madongeeee/aicar_ws/install/aicar_controller/lib/aicar_controller
writing list of installed files to '/home/yusy/maedongyee/aicar_madongeeee/aicar_ws/build/aicar_controller/install.log'
