[30.201s] Invoking command in '/home/yusy/maedongyee/aicar_madongeeee/aicar_ws/src/aicar_bringup': AMENT_PREFIX_PATH=/home/yusy/maedongyee/aicar_madongeeee/aicar_ws/install/aicar_vision:/home/yusy/maedongyee/aicar_madongeeee/aicar_ws/install/aicar_controller:${AMENT_PREFIX_PATH} PYTHONPATH=/home/yusy/maedongyee/aicar_madongeeee/aicar_ws/build/aicar_bringup/prefix_override:/usr/lib/python3/dist-packages/colcon_core/task/python/colcon_distutils_commands:/home/yusy/maedongyee/aicar_madongeeee/aicar_ws/install/aicar_bringup/lib/python3.10/site-packages:/home/yusy/maedongyee/aicar_madongeeee/aicar_ws/install/aicar_vision/lib/python3.10/site-packages:/home/yusy/maedongyee/aicar_madongeeee/aicar_ws/install/aicar_controller/lib/python3.10/site-packages:${PYTHONPATH} /usr/bin/python3 -W ignore:setup.py install is deprecated -W ignore:easy_install command is deprecated setup.py egg_info --egg-base ../../build/aicar_bringup build --build-base /home/yusy/maedongyee/aicar_madongeeee/aicar_ws/build/aicar_bringup/build install --record /home/yusy/maedongyee/aicar_madongeeee/aicar_ws/build/aicar_bringup/install.log --single-version-externally-managed install_data
[30.319s] running egg_info
[30.319s] writing ../../build/aicar_bringup/aicar_bringup.egg-info/PKG-INFO
[30.319s] writing dependency_links to ../../build/aicar_bringup/aicar_bringup.egg-info/dependency_links.txt
[30.319s] writing entry points to ../../build/aicar_bringup/aicar_bringup.egg-info/entry_points.txt
[30.319s] writing requirements to ../../build/aicar_bringup/aicar_bringup.egg-info/requires.txt
[30.319s] writing top-level names to ../../build/aicar_bringup/aicar_bringup.egg-info/top_level.txt
[30.320s] reading manifest file '../../build/aicar_bringup/aicar_bringup.egg-info/SOURCES.txt'
[30.320s] writing manifest file '../../build/aicar_bringup/aicar_bringup.egg-info/SOURCES.txt'
[30.320s] running build
[30.320s] running build_py
[30.320s] running install
[30.321s] running install_lib
[30.321s] running install_data
[30.321s] copying launch/pid_aicar_drive.launch.py -> /home/yusy/maedongyee/aicar_madongeeee/aicar_ws/install/aicar_bringup/share/aicar_bringup/launch
[30.321s] copying launch/aicar_drive.launch.py -> /home/yusy/maedongyee/aicar_madongeeee/aicar_ws/install/aicar_bringup/share/aicar_bringup/launch
[30.321s] running install_egg_info
[30.322s] removing '/home/yusy/maedongyee/aicar_madongeeee/aicar_ws/install/aicar_bringup/lib/python3.10/site-packages/aicar_bringup-0.0.0-py3.10.egg-info' (and everything under it)
[30.322s] Copying ../../build/aicar_bringup/aicar_bringup.egg-info to /home/yusy/maedongyee/aicar_madongeeee/aicar_ws/install/aicar_bringup/lib/python3.10/site-packages/aicar_bringup-0.0.0-py3.10.egg-info
[30.323s] running install_scripts
[30.333s] writing list of installed files to '/home/yusy/maedongyee/aicar_madongeeee/aicar_ws/build/aicar_bringup/install.log'
[60.064s] Invoked command in '/home/yusy/maedongyee/aicar_madongeeee/aicar_ws/src/aicar_bringup' returned '0': AMENT_PREFIX_PATH=/home/yusy/maedongyee/aicar_madongeeee/aicar_ws/install/aicar_vision:/home/yusy/maedongyee/aicar_madongeeee/aicar_ws/install/aicar_controller:${AMENT_PREFIX_PATH} PYTHONPATH=/home/yusy/maedongyee/aicar_madongeeee/aicar_ws/build/aicar_bringup/prefix_override:/usr/lib/python3/dist-packages/colcon_core/task/python/colcon_distutils_commands:/home/yusy/maedongyee/aicar_madongeeee/aicar_ws/install/aicar_bringup/lib/python3.10/site-packages:/home/yusy/maedongyee/aicar_madongeeee/aicar_ws/install/aicar_vision/lib/python3.10/site-packages:/home/yusy/maedongyee/aicar_madongeeee/aicar_ws/install/aicar_controller/lib/python3.10/site-packages:${PYTHONPATH} /usr/bin/python3 -W ignore:setup.py install is deprecated -W ignore:easy_install command is deprecated setup.py egg_info --egg-base ../../build/aicar_bringup build --build-base /home/yusy/maedongyee/aicar_madongeeee/aicar_ws/build/aicar_bringup/build install --record /home/yusy/maedongyee/aicar_madongeeee/aicar_ws/build/aicar_bringup/install.log --single-version-externally-managed install_data
