running egg_info
creating ../../build/aicar_controller/aicar_controller.egg-info
writing ../../build/aicar_controller/aicar_controller.egg-info/PKG-INFO
writing dependency_links to ../../build/aicar_controller/aicar_controller.egg-info/dependency_links.txt
writing entry points to ../../build/aicar_controller/aicar_controller.egg-info/entry_points.txt
writing requirements to ../../build/aicar_controller/aicar_controller.egg-info/requires.txt
writing top-level names to ../../build/aicar_controller/aicar_controller.egg-info/top_level.txt
writing manifest file '../../build/aicar_controller/aicar_controller.egg-info/SOURCES.txt'
reading manifest file '../../build/aicar_controller/aicar_controller.egg-info/SOURCES.txt'
writing manifest file '../../build/aicar_controller/aicar_controller.egg-info/SOURCES.txt'
running build
running build_py
creating /home/yusy/maedongyee/aicar_madongeeee/aicar_ws/build/aicar_controller/build
creating /home/yusy/maedongyee/aicar_madongeeee/aicar_ws/build/aicar_controller/build/lib
creating /home/yusy/maedongyee/aicar_madongeeee/aicar_ws/build/aicar_controller/build/lib/aicar_controller
copying aicar_controller/__init__.py -> /home/yusy/maedongyee/aicar_madongeeee/aicar_ws/build/aicar_controller/build/lib/aicar_controller
copying aicar_controller/pure_pursuit_node.py -> /home/yusy/maedongyee/aicar_madongeeee/aicar_ws/build/aicar_controller/build/lib/aicar_controller
copying aicar_controller/pid_controller_node.py -> /home/yusy/maedongyee/aicar_madongeeee/aicar_ws/build/aicar_controller/build/lib/aicar_controller
running install
running install_lib
creating /home/yusy/maedongyee/aicar_madongeeee/aicar_ws/install/aicar_controller/lib/python3.10/site-packages/aicar_controller
copying /home/yusy/maedongyee/aicar_madongeeee/aicar_ws/build/aicar_controller/build/lib/aicar_controller/__init__.py -> /home/yusy/maedongyee/aicar_madongeeee/aicar_ws/install/aicar_controller/lib/python3.10/site-packages/aicar_controller
copying /home/yusy/maedongyee/aicar_madongeeee/aicar_ws/build/aicar_controller/build/lib/aicar_controller/pure_pursuit_node.py -> /home/yusy/maedongyee/aicar_madongeeee/aicar_ws/install/aicar_controller/lib/python3.10/site-packages/aicar_controller
copying /home/yusy/maedongyee/aicar_madongeeee/aicar_ws/build/aicar_controller/build/lib/aicar_controller/pid_controller_node.py -> /home/yusy/maedongyee/aicar_madongeeee/aicar_ws/install/aicar_controller/lib/python3.10/site-packages/aicar_controller
byte-compiling /home/yusy/maedongyee/aicar_madongeeee/aicar_ws/install/aicar_controller/lib/python3.10/site-packages/aicar_controller/__init__.py to __init__.cpython-310.pyc
byte-compiling /home/yusy/maedongyee/aicar_madongeeee/aicar_ws/install/aicar_controller/lib/python3.10/site-packages/aicar_controller/pure_pursuit_node.py to pure_pursuit_node.cpython-310.pyc
byte-compiling /home/yusy/maedongyee/aicar_madongeeee/aicar_ws/install/aicar_controller/lib/python3.10/site-packages/aicar_controller/pid_controller_node.py to pid_controller_node.cpython-310.pyc
running install_data
creating /home/yusy/maedongyee/aicar_madongeeee/aicar_ws/install/aicar_controller/share/ament_index
creating /home/yusy/maedongyee/aicar_madongeeee/aicar_ws/install/aicar_controller/share/ament_index/resource_index
creating /home/yusy/maedongyee/aicar_madongeeee/aicar_ws/install/aicar_controller/share/ament_index/resource_index/packages
copying resource/aicar_controller -> /home/yusy/maedongyee/aicar_madongeeee/aicar_ws/install/aicar_controller/share/ament_index/resource_index/packages
copying package.xml -> /home/yusy/maedongyee/aicar_madongeeee/aicar_ws/install/aicar_controller/share/aicar_controller
running install_egg_info
Copying ../../build/aicar_controller/aicar_controller.egg-info to /home/yusy/maedongyee/aicar_madongeeee/aicar_ws/install/aicar_controller/lib/python3.10/site-packages/aicar_controller-0.0.0-py3.10.egg-info
running install_scripts
Installing pid_controller_node script to /home/yusy/maedongyee/aicar_madongeeee/aicar_ws/install/aicar_controller/lib/aicar_controller
Installing pure_pursuit_node script to /home/yusy/maedongyee/aicar_madongeeee/aicar_ws/install/aicar_controller/lib/aicar_controller
writing list of installed files to '/home/yusy/maedongyee/aicar_madongeeee/aicar_ws/build/aicar_controller/install.log'
