[0.614s] Invoking command in '/home/yusy/maedongyee/aicar_madongeeee/aicar_ws/src/aicar_controller': PYTHONPATH=/home/yusy/maedongyee/aicar_madongeeee/aicar_ws/build/aicar_controller/prefix_override:/usr/lib/python3/dist-packages/colcon_core/task/python/colcon_distutils_commands:/home/yusy/maedongyee/aicar_madongeeee/aicar_ws/install/aicar_controller/lib/python3.10/site-packages:${PYTHONPATH} /usr/bin/python3 -W ignore:setup.py install is deprecated -W ignore:easy_install command is deprecated setup.py egg_info --egg-base ../../build/aicar_controller build --build-base /home/yusy/maedongyee/aicar_madongeeee/aicar_ws/build/aicar_controller/build install --record /home/yusy/maedongyee/aicar_madongeeee/aicar_ws/build/aicar_controller/install.log --single-version-externally-managed install_data
[0.739s] running egg_info
[0.739s] creating ../../build/aicar_controller/aicar_controller.egg-info
[0.739s] writing ../../build/aicar_controller/aicar_controller.egg-info/PKG-INFO
[0.739s] writing dependency_links to ../../build/aicar_controller/aicar_controller.egg-info/dependency_links.txt
[0.739s] writing entry points to ../../build/aicar_controller/aicar_controller.egg-info/entry_points.txt
[0.739s] writing requirements to ../../build/aicar_controller/aicar_controller.egg-info/requires.txt
[0.739s] writing top-level names to ../../build/aicar_controller/aicar_controller.egg-info/top_level.txt
[0.739s] writing manifest file '../../build/aicar_controller/aicar_controller.egg-info/SOURCES.txt'
[0.740s] reading manifest file '../../build/aicar_controller/aicar_controller.egg-info/SOURCES.txt'
[0.741s] writing manifest file '../../build/aicar_controller/aicar_controller.egg-info/SOURCES.txt'
[0.741s] running build
[0.741s] running build_py
[0.741s] creating /home/yusy/maedongyee/aicar_madongeeee/aicar_ws/build/aicar_controller/build
[0.741s] creating /home/yusy/maedongyee/aicar_madongeeee/aicar_ws/build/aicar_controller/build/lib
[0.741s] creating /home/yusy/maedongyee/aicar_madongeeee/aicar_ws/build/aicar_controller/build/lib/aicar_controller
[0.741s] copying aicar_controller/__init__.py -> /home/yusy/maedongyee/aicar_madongeeee/aicar_ws/build/aicar_controller/build/lib/aicar_controller
[0.741s] copying aicar_controller/pure_pursuit_node.py -> /home/yusy/maedongyee/aicar_madongeeee/aicar_ws/build/aicar_controller/build/lib/aicar_controller
[0.741s] copying aicar_controller/pid_controller_node.py -> /home/yusy/maedongyee/aicar_madongeeee/aicar_ws/build/aicar_controller/build/lib/aicar_controller
[0.741s] running install
[0.741s] running install_lib
[0.741s] creating /home/yusy/maedongyee/aicar_madongeeee/aicar_ws/install/aicar_controller/lib/python3.10/site-packages/aicar_controller
[0.741s] copying /home/yusy/maedongyee/aicar_madongeeee/aicar_ws/build/aicar_controller/build/lib/aicar_controller/__init__.py -> /home/yusy/maedongyee/aicar_madongeeee/aicar_ws/install/aicar_controller/lib/python3.10/site-packages/aicar_controller
[0.742s] copying /home/yusy/maedongyee/aicar_madongeeee/aicar_ws/build/aicar_controller/build/lib/aicar_controller/pure_pursuit_node.py -> /home/yusy/maedongyee/aicar_madongeeee/aicar_ws/install/aicar_controller/lib/python3.10/site-packages/aicar_controller
[0.742s] copying /home/yusy/maedongyee/aicar_madongeeee/aicar_ws/build/aicar_controller/build/lib/aicar_controller/pid_controller_node.py -> /home/yusy/maedongyee/aicar_madongeeee/aicar_ws/install/aicar_controller/lib/python3.10/site-packages/aicar_controller
[0.742s] byte-compiling /home/yusy/maedongyee/aicar_madongeeee/aicar_ws/install/aicar_controller/lib/python3.10/site-packages/aicar_controller/__init__.py to __init__.cpython-310.pyc
[0.742s] byte-compiling /home/yusy/maedongyee/aicar_madongeeee/aicar_ws/install/aicar_controller/lib/python3.10/site-packages/aicar_controller/pure_pursuit_node.py to pure_pursuit_node.cpython-310.pyc
[0.743s] byte-compiling /home/yusy/maedongyee/aicar_madongeeee/aicar_ws/install/aicar_controller/lib/python3.10/site-packages/aicar_controller/pid_controller_node.py to pid_controller_node.cpython-310.pyc
[0.744s] running install_data
[0.744s] creating /home/yusy/maedongyee/aicar_madongeeee/aicar_ws/install/aicar_controller/share/ament_index
[0.744s] creating /home/yusy/maedongyee/aicar_madongeeee/aicar_ws/install/aicar_controller/share/ament_index/resource_index
[0.744s] creating /home/yusy/maedongyee/aicar_madongeeee/aicar_ws/install/aicar_controller/share/ament_index/resource_index/packages
[0.744s] copying resource/aicar_controller -> /home/yusy/maedongyee/aicar_madongeeee/aicar_ws/install/aicar_controller/share/ament_index/resource_index/packages
[0.744s] copying package.xml -> /home/yusy/maedongyee/aicar_madongeeee/aicar_ws/install/aicar_controller/share/aicar_controller
[0.744s] running install_egg_info
[0.746s] Copying ../../build/aicar_controller/aicar_controller.egg-info to /home/yusy/maedongyee/aicar_madongeeee/aicar_ws/install/aicar_controller/lib/python3.10/site-packages/aicar_controller-0.0.0-py3.10.egg-info
[0.746s] running install_scripts
[0.756s] Installing pid_controller_node script to /home/yusy/maedongyee/aicar_madongeeee/aicar_ws/install/aicar_controller/lib/aicar_controller
[0.756s] Installing pure_pursuit_node script to /home/yusy/maedongyee/aicar_madongeeee/aicar_ws/install/aicar_controller/lib/aicar_controller
[0.756s] writing list of installed files to '/home/yusy/maedongyee/aicar_madongeeee/aicar_ws/build/aicar_controller/install.log'
[0.776s] Invoked command in '/home/yusy/maedongyee/aicar_madongeeee/aicar_ws/src/aicar_controller' returned '0': PYTHONPATH=/home/yusy/maedongyee/aicar_madongeeee/aicar_ws/build/aicar_controller/prefix_override:/usr/lib/python3/dist-packages/colcon_core/task/python/colcon_distutils_commands:/home/yusy/maedongyee/aicar_madongeeee/aicar_ws/install/aicar_controller/lib/python3.10/site-packages:${PYTHONPATH} /usr/bin/python3 -W ignore:setup.py install is deprecated -W ignore:easy_install command is deprecated setup.py egg_info --egg-base ../../build/aicar_controller build --build-base /home/yusy/maedongyee/aicar_madongeeee/aicar_ws/build/aicar_controller/build install --record /home/yusy/maedongyee/aicar_madongeeee/aicar_ws/build/aicar_controller/install.log --single-version-externally-managed install_data
