-- The C compiler identification is GNU 11.4.0
-- The CXX compiler identification is GNU 11.4.0
-- Detecting C compiler ABI info
-- Detecting C compiler ABI info - done
-- Check for working C compiler: /usr/bin/cc - skipped
-- Detecting C compile features
-- Detecting C compile features - done
-- Detecting CXX compiler ABI info
-- Detecting CXX compiler ABI info - done
-- Check for working CXX compiler: /usr/bin/c++ - skipped
-- Detecting CXX compile features
-- Detecting CXX compile features - done
-- Found ament_cmake: 1.3.12 (/opt/ros/humble/share/ament_cmake/cmake)
-- Found Python3: /usr/bin/python3 (found version "3.10.12") found components: Interpreter 
-- Found PkgConfig: /usr/bin/pkg-config (found version "0.29.2") 
-- Found rclcpp: 16.0.15 (/opt/ros/humble/share/rclcpp/cmake)
-- Found rosidl_generator_c: 3.1.7 (/opt/ros/humble/share/rosidl_generator_c/cmake)
-- Found rosidl_adapter: 3.1.7 (/opt/ros/humble/share/rosidl_adapter/cmake)
-- Found rosidl_generator_cpp: 3.1.7 (/opt/ros/humble/share/rosidl_generator_cpp/cmake)
-- Using all available rosidl_typesupport_c: rosidl_typesupport_fastrtps_c;rosidl_typesupport_introspection_c
-- Using all available rosidl_typesupport_cpp: rosidl_typesupport_fastrtps_cpp;rosidl_typesupport_introspection_cpp
-- Found rmw_implementation_cmake: 6.1.2 (/opt/ros/humble/share/rmw_implementation_cmake/cmake)
-- Found rmw_fastrtps_cpp: 6.2.9 (/opt/ros/humble/share/rmw_fastrtps_cpp/cmake)
-- Found OpenSSL: /usr/lib/aarch64-linux-gnu/libcrypto.so (found version "3.0.2")  
-- Found FastRTPS: /opt/ros/humble/include  
-- Using RMW implementation 'rmw_fastrtps_cpp' as default
-- Looking for pthread.h
-- Looking for pthread.h - found
-- Performing Test CMAKE_HAVE_LIBC_PTHREAD
-- Performing Test CMAKE_HAVE_LIBC_PTHREAD - Success
-- Found Threads: TRUE  
-- Found rclcpp_components: 16.0.15 (/opt/ros/humble/share/rclcpp_components/cmake)
-- Found sensor_msgs: 4.9.0 (/opt/ros/humble/share/sensor_msgs/cmake)
-- Found camera_info_manager: 3.1.12 (/opt/ros/humble/share/camera_info_manager/cmake)
-- Found cv_bridge: 3.2.1 (/opt/ros/humble/share/cv_bridge/cmake)
-- Checking for module 'libcamera>=0.1'
--   Found libcamera, version 0.5.2
-- Found ament_lint_auto: 0.12.14 (/opt/ros/humble/share/ament_lint_auto/cmake)
-- Added test 'clang_format' to check C / C++ code style
-- Added test 'cppcheck' to perform static code analysis on C / C++ code
-- Configured cppcheck include dirs: 
-- Configured cppcheck exclude dirs and/or files: 
-- Added test 'flake8' to check Python code syntax and style conventions
-- Added test 'lint_cmake' to check CMake code style
-- Added test 'mypy' to statically type check Python code.
-- Added test 'pep257' to check Python code against some of the docstring style conventions in PEP 257
-- Added test 'pyflakes' to perform static code analysis on Python code
-- Added test 'xmllint' to check XML markup files
-- Configuring done
-- Generating done
-- Build files have been written to: /root/camera_ws/build/camera_ros
[  7%] [32mBuilding CXX object CMakeFiles/utils.dir/src/pretty_print.cpp.o[0m
[ 23%] [32mBuilding CXX object CMakeFiles/camera_node.dir/rclcpp_components/node_main_camera_node.cpp.o[0m
[ 23%] [32mBuilding CXX object CMakeFiles/utils.dir/src/format_mapping.cpp.o[0m
[ 30%] [32mBuilding CXX object CMakeFiles/param.dir/src/clamp.cpp.o[0m
[ 38%] [32mBuilding CXX object CMakeFiles/param.dir/src/cv_to_pv.cpp.o[0m
[ 38%] Built target utils
[ 46%] [32mBuilding CXX object CMakeFiles/param.dir/src/pv_to_cv.cpp.o[0m
[ 53%] [32mBuilding CXX object CMakeFiles/param.dir/src/types.cpp.o[0m
[ 61%] [32mBuilding CXX object CMakeFiles/param.dir/src/type_extent.cpp.o[0m
[ 69%] [32mBuilding CXX object CMakeFiles/param.dir/src/ParameterHandler.cpp.o[0m
[ 76%] [32mBuilding CXX object CMakeFiles/param.dir/src/ParameterConflictHandler.cpp.o[0m
[ 84%] [32m[1mLinking CXX executable camera_node[0m
[ 84%] Built target camera_node
[ 84%] Built target param
[ 92%] [32mBuilding CXX object CMakeFiles/camera_component.dir/src/CameraNode.cpp.o[0m
[100%] [32m[1mLinking CXX shared library libcamera_component.so[0m
[100%] Built target camera_component
-- Install configuration: ""
-- Installing: /root/camera_ws/install/camera_ros/lib/camera_ros/camera_node
-- Set runtime path of "/root/camera_ws/install/camera_ros/lib/camera_ros/camera_node" to ""
-- Installing: /root/camera_ws/install/camera_ros/share/camera_ros/environment/library_path.sh
-- Installing: /root/camera_ws/install/camera_ros/share/camera_ros/environment/library_path.dsv
-- Installing: /root/camera_ws/install/camera_ros/lib/libcamera_component.so
-- Set runtime path of "/root/camera_ws/install/camera_ros/lib/libcamera_component.so" to ""
-- Installing: /root/camera_ws/install/camera_ros/share/camera_ros//launch
-- Installing: /root/camera_ws/install/camera_ros/share/camera_ros//launch/camera.launch.py
-- Installing: /root/camera_ws/install/camera_ros/share/ament_index/resource_index/package_run_dependencies/camera_ros
-- Installing: /root/camera_ws/install/camera_ros/share/ament_index/resource_index/parent_prefix_path/camera_ros
-- Installing: /root/camera_ws/install/camera_ros/share/camera_ros/environment/ament_prefix_path.sh
-- Installing: /root/camera_ws/install/camera_ros/share/camera_ros/environment/ament_prefix_path.dsv
-- Installing: /root/camera_ws/install/camera_ros/share/camera_ros/environment/path.sh
-- Installing: /root/camera_ws/install/camera_ros/share/camera_ros/environment/path.dsv
-- Installing: /root/camera_ws/install/camera_ros/share/camera_ros/local_setup.bash
-- Installing: /root/camera_ws/install/camera_ros/share/camera_ros/local_setup.sh
-- Installing: /root/camera_ws/install/camera_ros/share/camera_ros/local_setup.zsh
-- Installing: /root/camera_ws/install/camera_ros/share/camera_ros/local_setup.dsv
-- Installing: /root/camera_ws/install/camera_ros/share/camera_ros/package.dsv
-- Installing: /root/camera_ws/install/camera_ros/share/ament_index/resource_index/packages/camera_ros
-- Installing: /root/camera_ws/install/camera_ros/share/ament_index/resource_index/rclcpp_components/camera_ros
-- Installing: /root/camera_ws/install/camera_ros/share/camera_ros/cmake/camera_componentTargetsExport.cmake
-- Installing: /root/camera_ws/install/camera_ros/share/camera_ros/cmake/camera_componentTargetsExport-noconfig.cmake
-- Installing: /root/camera_ws/install/camera_ros/share/camera_ros/cmake/ament_cmake_export_targets-extras.cmake
-- Installing: /root/camera_ws/install/camera_ros/share/camera_ros/cmake/ament_cmake_export_dependencies-extras.cmake
-- Installing: /root/camera_ws/install/camera_ros/share/camera_ros/cmake/camera_rosConfig.cmake
-- Installing: /root/camera_ws/install/camera_ros/share/camera_ros/cmake/camera_rosConfig-version.cmake
-- Installing: /root/camera_ws/install/camera_ros/share/camera_ros/package.xml
