[0.024s] Invoking command in '/root/camera_ws/build/camera_ros': CMAKE_PREFIX_PATH=/opt/ros/humble /usr/bin/cmake /root/camera_ws/src/camera_ros -DCMAKE_INSTALL_PREFIX=/root/camera_ws/install/camera_ros
[0.168s] -- The C compiler identification is GNU 11.4.0
[0.287s] -- The CXX compiler identification is GNU 11.4.0
[0.304s] -- Detecting C compiler ABI info
[0.485s] -- Detecting C compiler ABI info - done
[0.496s] -- Check for working C compiler: /usr/bin/cc - skipped
[0.496s] -- Detecting C compile features
[0.497s] -- Detecting C compile features - done
[0.502s] -- Detecting CXX compiler ABI info
[0.687s] -- Detecting CXX compiler ABI info - done
[0.700s] -- Check for working CXX compiler: /usr/bin/c++ - skipped
[0.700s] -- Detecting CXX compile features
[0.701s] -- Detecting CXX compile features - done
[0.704s] -- Found ament_cmake: 1.3.12 (/opt/ros/humble/share/ament_cmake/cmake)
[0.921s] -- Found Python3: /usr/bin/python3 (found version "3.10.12") found components: Interpreter 
[1.059s] -- Found PkgConfig: /usr/bin/pkg-config (found version "0.29.2") 
[1.061s] -- Found rclcpp: 16.0.15 (/opt/ros/humble/share/rclcpp/cmake)
[1.106s] -- Found rosidl_generator_c: 3.1.7 (/opt/ros/humble/share/rosidl_generator_c/cmake)
[1.112s] -- Found rosidl_adapter: 3.1.7 (/opt/ros/humble/share/rosidl_adapter/cmake)
[1.121s] -- Found rosidl_generator_cpp: 3.1.7 (/opt/ros/humble/share/rosidl_generator_cpp/cmake)
[1.136s] -- Using all available rosidl_typesupport_c: rosidl_typesupport_fastrtps_c;rosidl_typesupport_introspection_c
[1.155s] -- Using all available rosidl_typesupport_cpp: rosidl_typesupport_fastrtps_cpp;rosidl_typesupport_introspection_cpp
[1.207s] -- Found rmw_implementation_cmake: 6.1.2 (/opt/ros/humble/share/rmw_implementation_cmake/cmake)
[1.209s] -- Found rmw_fastrtps_cpp: 6.2.9 (/opt/ros/humble/share/rmw_fastrtps_cpp/cmake)
[1.452s] -- Found OpenSSL: /usr/lib/aarch64-linux-gnu/libcrypto.so (found version "3.0.2")  
[1.493s] -- Found FastRTPS: /opt/ros/humble/include  
[1.560s] -- Using RMW implementation 'rmw_fastrtps_cpp' as default
[1.570s] -- Looking for pthread.h
[1.751s] -- Looking for pthread.h - found
[1.752s] -- Performing Test CMAKE_HAVE_LIBC_PTHREAD
[1.937s] -- Performing Test CMAKE_HAVE_LIBC_PTHREAD - Success
[1.938s] -- Found Threads: TRUE  
[2.009s] -- Found rclcpp_components: 16.0.15 (/opt/ros/humble/share/rclcpp_components/cmake)
[2.044s] -- Found sensor_msgs: 4.9.0 (/opt/ros/humble/share/sensor_msgs/cmake)
[2.087s] -- Found camera_info_manager: 3.1.12 (/opt/ros/humble/share/camera_info_manager/cmake)
[2.102s] -- Found cv_bridge: 3.2.1 (/opt/ros/humble/share/cv_bridge/cmake)
[2.116s] -- Checking for module 'libcamera>=0.1'
[2.167s] --   Found libcamera, version 0.5.2
[2.312s] -- Found ament_lint_auto: 0.12.14 (/opt/ros/humble/share/ament_lint_auto/cmake)
[2.449s] -- Added test 'clang_format' to check C / C++ code style
[2.455s] -- Added test 'cppcheck' to perform static code analysis on C / C++ code
[2.455s] -- Configured cppcheck include dirs: 
[2.455s] -- Configured cppcheck exclude dirs and/or files: 
[2.457s] -- Added test 'flake8' to check Python code syntax and style conventions
[2.458s] -- Added test 'lint_cmake' to check CMake code style
[2.460s] -- Added test 'mypy' to statically type check Python code.
[2.461s] -- Added test 'pep257' to check Python code against some of the docstring style conventions in PEP 257
[2.462s] -- Added test 'pyflakes' to perform static code analysis on Python code
[2.464s] -- Added test 'xmllint' to check XML markup files
[2.466s] -- Configuring done
[2.499s] -- Generating done
[2.531s] -- Build files have been written to: /root/camera_ws/build/camera_ros
[2.549s] Invoked command in '/root/camera_ws/build/camera_ros' returned '0': CMAKE_PREFIX_PATH=/opt/ros/humble /usr/bin/cmake /root/camera_ws/src/camera_ros -DCMAKE_INSTALL_PREFIX=/root/camera_ws/install/camera_ros
[2.552s] Invoking command in '/root/camera_ws/build/camera_ros': CMAKE_PREFIX_PATH=/opt/ros/humble /usr/bin/cmake --build /root/camera_ws/build/camera_ros -- -j4 -l4
[2.681s] [  7%] [32mBuilding CXX object CMakeFiles/utils.dir/src/pretty_print.cpp.o[0m
[2.681s] [ 23%] [32mBuilding CXX object CMakeFiles/camera_node.dir/rclcpp_components/node_main_camera_node.cpp.o[0m
[2.682s] [ 23%] [32mBuilding CXX object CMakeFiles/utils.dir/src/format_mapping.cpp.o[0m
[2.683s] [ 30%] [32mBuilding CXX object CMakeFiles/param.dir/src/clamp.cpp.o[0m
[4.618s] [ 38%] [32mBuilding CXX object CMakeFiles/param.dir/src/cv_to_pv.cpp.o[0m
[4.703s] [ 38%] Built target utils
[4.731s] [ 46%] [32mBuilding CXX object CMakeFiles/param.dir/src/pv_to_cv.cpp.o[0m
[5.493s] [ 53%] [32mBuilding CXX object CMakeFiles/param.dir/src/types.cpp.o[0m
[7.143s] [ 61%] [32mBuilding CXX object CMakeFiles/param.dir/src/type_extent.cpp.o[0m
[7.176s] [ 69%] [32mBuilding CXX object CMakeFiles/param.dir/src/ParameterHandler.cpp.o[0m
[7.544s] [ 76%] [32mBuilding CXX object CMakeFiles/param.dir/src/ParameterConflictHandler.cpp.o[0m
[11.404s] [ 84%] [32m[1mLinking CXX executable camera_node[0m
[11.787s] [ 84%] Built target camera_node
[13.810s] [ 84%] Built target param
[13.873s] [ 92%] [32mBuilding CXX object CMakeFiles/camera_component.dir/src/CameraNode.cpp.o[0m
[36.182s] [100%] [32m[1mLinking CXX shared library libcamera_component.so[0m
[37.348s] [100%] Built target camera_component
[37.374s] Invoked command in '/root/camera_ws/build/camera_ros' returned '0': CMAKE_PREFIX_PATH=/opt/ros/humble /usr/bin/cmake --build /root/camera_ws/build/camera_ros -- -j4 -l4
[37.394s] Invoking command in '/root/camera_ws/build/camera_ros': CMAKE_PREFIX_PATH=/opt/ros/humble /usr/bin/cmake --install /root/camera_ws/build/camera_ros
[37.408s] -- Install configuration: ""
[37.408s] -- Installing: /root/camera_ws/install/camera_ros/lib/camera_ros/camera_node
[37.409s] -- Set runtime path of "/root/camera_ws/install/camera_ros/lib/camera_ros/camera_node" to ""
[37.410s] -- Installing: /root/camera_ws/install/camera_ros/share/camera_ros/environment/library_path.sh
[37.410s] -- Installing: /root/camera_ws/install/camera_ros/share/camera_ros/environment/library_path.dsv
[37.410s] -- Installing: /root/camera_ws/install/camera_ros/lib/libcamera_component.so
[37.421s] -- Set runtime path of "/root/camera_ws/install/camera_ros/lib/libcamera_component.so" to ""
[37.421s] -- Installing: /root/camera_ws/install/camera_ros/share/camera_ros//launch
[37.421s] -- Installing: /root/camera_ws/install/camera_ros/share/camera_ros//launch/camera.launch.py
[37.421s] -- Installing: /root/camera_ws/install/camera_ros/share/ament_index/resource_index/package_run_dependencies/camera_ros
[37.422s] -- Installing: /root/camera_ws/install/camera_ros/share/ament_index/resource_index/parent_prefix_path/camera_ros
[37.422s] -- Installing: /root/camera_ws/install/camera_ros/share/camera_ros/environment/ament_prefix_path.sh
[37.422s] -- Installing: /root/camera_ws/install/camera_ros/share/camera_ros/environment/ament_prefix_path.dsv
[37.423s] -- Installing: /root/camera_ws/install/camera_ros/share/camera_ros/environment/path.sh
[37.423s] -- Installing: /root/camera_ws/install/camera_ros/share/camera_ros/environment/path.dsv
[37.423s] -- Installing: /root/camera_ws/install/camera_ros/share/camera_ros/local_setup.bash
[37.424s] -- Installing: /root/camera_ws/install/camera_ros/share/camera_ros/local_setup.sh
[37.424s] -- Installing: /root/camera_ws/install/camera_ros/share/camera_ros/local_setup.zsh
[37.424s] -- Installing: /root/camera_ws/install/camera_ros/share/camera_ros/local_setup.dsv
[37.424s] -- Installing: /root/camera_ws/install/camera_ros/share/camera_ros/package.dsv
[37.425s] -- Installing: /root/camera_ws/install/camera_ros/share/ament_index/resource_index/packages/camera_ros
[37.425s] -- Installing: /root/camera_ws/install/camera_ros/share/ament_index/resource_index/rclcpp_components/camera_ros
[37.426s] -- Installing: /root/camera_ws/install/camera_ros/share/camera_ros/cmake/camera_componentTargetsExport.cmake
[37.426s] -- Installing: /root/camera_ws/install/camera_ros/share/camera_ros/cmake/camera_componentTargetsExport-noconfig.cmake
[37.426s] -- Installing: /root/camera_ws/install/camera_ros/share/camera_ros/cmake/ament_cmake_export_targets-extras.cmake
[37.426s] -- Installing: /root/camera_ws/install/camera_ros/share/camera_ros/cmake/ament_cmake_export_dependencies-extras.cmake
[37.427s] -- Installing: /root/camera_ws/install/camera_ros/share/camera_ros/cmake/camera_rosConfig.cmake
[37.427s] -- Installing: /root/camera_ws/install/camera_ros/share/camera_ros/cmake/camera_rosConfig-version.cmake
[37.427s] -- Installing: /root/camera_ws/install/camera_ros/share/camera_ros/package.xml
[37.431s] Invoked command in '/root/camera_ws/build/camera_ros' returned '0': CMAKE_PREFIX_PATH=/opt/ros/humble /usr/bin/cmake --install /root/camera_ws/build/camera_ros
