[0.612s] Invoking command in '/home/yusy/maedongyee/aicar_madongeeee/aicar_ws/src/aicar_vision': PYTHONPATH=/home/yusy/maedongyee/aicar_madongeeee/aicar_ws/build/aicar_vision/prefix_override:/usr/lib/python3/dist-packages/colcon_core/task/python/colcon_distutils_commands:/home/yusy/maedongyee/aicar_madongeeee/aicar_ws/install/aicar_vision/lib/python3.10/site-packages:${PYTHONPATH} /usr/bin/python3 -W ignore:setup.py install is deprecated -W ignore:easy_install command is deprecated setup.py egg_info --egg-base ../../build/aicar_vision build --build-base /home/yusy/maedongyee/aicar_madongeeee/aicar_ws/build/aicar_vision/build install --record /home/yusy/maedongyee/aicar_madongeeee/aicar_ws/build/aicar_vision/install.log --single-version-externally-managed install_data
[0.739s] running egg_info
[0.739s] creating ../../build/aicar_vision/aicar_vision.egg-info
[0.739s] writing ../../build/aicar_vision/aicar_vision.egg-info/PKG-INFO
[0.739s] writing dependency_links to ../../build/aicar_vision/aicar_vision.egg-info/dependency_links.txt
[0.739s] writing entry points to ../../build/aicar_vision/aicar_vision.egg-info/entry_points.txt
[0.739s] writing requirements to ../../build/aicar_vision/aicar_vision.egg-info/requires.txt
[0.740s] writing top-level names to ../../build/aicar_vision/aicar_vision.egg-info/top_level.txt
[0.740s] writing manifest file '../../build/aicar_vision/aicar_vision.egg-info/SOURCES.txt'
[0.740s] reading manifest file '../../build/aicar_vision/aicar_vision.egg-info/SOURCES.txt'
[0.741s] writing manifest file '../../build/aicar_vision/aicar_vision.egg-info/SOURCES.txt'
[0.741s] running build
[0.741s] running build_py
[0.742s] creating /home/yusy/maedongyee/aicar_madongeeee/aicar_ws/build/aicar_vision/build
[0.742s] creating /home/yusy/maedongyee/aicar_madongeeee/aicar_ws/build/aicar_vision/build/lib
[0.742s] creating /home/yusy/maedongyee/aicar_madongeeee/aicar_ws/build/aicar_vision/build/lib/aicar_vision
[0.742s] copying aicar_vision/bev_viewer_node.py -> /home/yusy/maedongyee/aicar_madongeeee/aicar_ws/build/aicar_vision/build/lib/aicar_vision
[0.742s] copying aicar_vision/lane_detector_node.py -> /home/yusy/maedongyee/aicar_madongeeee/aicar_ws/build/aicar_vision/build/lib/aicar_vision
[0.742s] copying aicar_vision/sign_detector_node.py -> /home/yusy/maedongyee/aicar_madongeeee/aicar_ws/build/aicar_vision/build/lib/aicar_vision
[0.742s] copying aicar_vision/__init__.py -> /home/yusy/maedongyee/aicar_madongeeee/aicar_ws/build/aicar_vision/build/lib/aicar_vision
[0.742s] copying aicar_vision/fake_detector_node.py -> /home/yusy/maedongyee/aicar_madongeeee/aicar_ws/build/aicar_vision/build/lib/aicar_vision
[0.742s] running install
[0.742s] running install_lib
[0.742s] creating /home/yusy/maedongyee/aicar_madongeeee/aicar_ws/install/aicar_vision/lib/python3.10/site-packages/aicar_vision
[0.742s] copying /home/yusy/maedongyee/aicar_madongeeee/aicar_ws/build/aicar_vision/build/lib/aicar_vision/bev_viewer_node.py -> /home/yusy/maedongyee/aicar_madongeeee/aicar_ws/install/aicar_vision/lib/python3.10/site-packages/aicar_vision
[0.742s] copying /home/yusy/maedongyee/aicar_madongeeee/aicar_ws/build/aicar_vision/build/lib/aicar_vision/lane_detector_node.py -> /home/yusy/maedongyee/aicar_madongeeee/aicar_ws/install/aicar_vision/lib/python3.10/site-packages/aicar_vision
[0.743s] copying /home/yusy/maedongyee/aicar_madongeeee/aicar_ws/build/aicar_vision/build/lib/aicar_vision/sign_detector_node.py -> /home/yusy/maedongyee/aicar_madongeeee/aicar_ws/install/aicar_vision/lib/python3.10/site-packages/aicar_vision
[0.743s] copying /home/yusy/maedongyee/aicar_madongeeee/aicar_ws/build/aicar_vision/build/lib/aicar_vision/__init__.py -> /home/yusy/maedongyee/aicar_madongeeee/aicar_ws/install/aicar_vision/lib/python3.10/site-packages/aicar_vision
[0.743s] copying /home/yusy/maedongyee/aicar_madongeeee/aicar_ws/build/aicar_vision/build/lib/aicar_vision/fake_detector_node.py -> /home/yusy/maedongyee/aicar_madongeeee/aicar_ws/install/aicar_vision/lib/python3.10/site-packages/aicar_vision
[0.743s] byte-compiling /home/yusy/maedongyee/aicar_madongeeee/aicar_ws/install/aicar_vision/lib/python3.10/site-packages/aicar_vision/bev_viewer_node.py to bev_viewer_node.cpython-310.pyc
[0.743s] byte-compiling /home/yusy/maedongyee/aicar_madongeeee/aicar_ws/install/aicar_vision/lib/python3.10/site-packages/aicar_vision/lane_detector_node.py to lane_detector_node.cpython-310.pyc
[0.743s] byte-compiling /home/yusy/maedongyee/aicar_madongeeee/aicar_ws/install/aicar_vision/lib/python3.10/site-packages/aicar_vision/sign_detector_node.py to sign_detector_node.cpython-310.pyc
[0.744s] byte-compiling /home/yusy/maedongyee/aicar_madongeeee/aicar_ws/install/aicar_vision/lib/python3.10/site-packages/aicar_vision/__init__.py to __init__.cpython-310.pyc
[0.744s] byte-compiling /home/yusy/maedongyee/aicar_madongeeee/aicar_ws/install/aicar_vision/lib/python3.10/site-packages/aicar_vision/fake_detector_node.py to fake_detector_node.cpython-310.pyc
[0.744s] running install_data
[0.744s] creating /home/yusy/maedongyee/aicar_madongeeee/aicar_ws/install/aicar_vision/share/ament_index
[0.744s] creating /home/yusy/maedongyee/aicar_madongeeee/aicar_ws/install/aicar_vision/share/ament_index/resource_index
[0.744s] creating /home/yusy/maedongyee/aicar_madongeeee/aicar_ws/install/aicar_vision/share/ament_index/resource_index/packages
[0.744s] copying resource/aicar_vision -> /home/yusy/maedongyee/aicar_madongeeee/aicar_ws/install/aicar_vision/share/ament_index/resource_index/packages
[0.745s] copying package.xml -> /home/yusy/maedongyee/aicar_madongeeee/aicar_ws/install/aicar_vision/share/aicar_vision
[0.745s] creating /home/yusy/maedongyee/aicar_madongeeee/aicar_ws/install/aicar_vision/share/aicar_vision/calibration_data
[0.745s] copying calibration_data/calibration.p -> /home/yusy/maedongyee/aicar_madongeeee/aicar_ws/install/aicar_vision/share/aicar_vision/calibration_data
[0.745s] creating /home/yusy/maedongyee/aicar_madongeeee/aicar_ws/install/aicar_vision/share/aicar_vision/models
[0.745s] copying models/best_float32.tflite -> /home/yusy/maedongyee/aicar_madongeeee/aicar_ws/install/aicar_vision/share/aicar_vision/models
[0.749s] running install_egg_info
[0.750s] Copying ../../build/aicar_vision/aicar_vision.egg-info to /home/yusy/maedongyee/aicar_madongeeee/aicar_ws/install/aicar_vision/lib/python3.10/site-packages/aicar_vision-0.0.0-py3.10.egg-info
[0.750s] running install_scripts
[0.761s] Installing bev_viewer_node script to /home/yusy/maedongyee/aicar_madongeeee/aicar_ws/install/aicar_vision/lib/aicar_vision
[0.762s] Installing fake_detector_node script to /home/yusy/maedongyee/aicar_madongeeee/aicar_ws/install/aicar_vision/lib/aicar_vision
[0.762s] Installing lane_detector_node script to /home/yusy/maedongyee/aicar_madongeeee/aicar_ws/install/aicar_vision/lib/aicar_vision
[0.762s] Installing sign_detector_node script to /home/yusy/maedongyee/aicar_madongeeee/aicar_ws/install/aicar_vision/lib/aicar_vision
[0.762s] writing list of installed files to '/home/yusy/maedongyee/aicar_madongeeee/aicar_ws/build/aicar_vision/install.log'
[0.783s] Invoked command in '/home/yusy/maedongyee/aicar_madongeeee/aicar_ws/src/aicar_vision' returned '0': PYTHONPATH=/home/yusy/maedongyee/aicar_madongeeee/aicar_ws/build/aicar_vision/prefix_override:/usr/lib/python3/dist-packages/colcon_core/task/python/colcon_distutils_commands:/home/yusy/maedongyee/aicar_madongeeee/aicar_ws/install/aicar_vision/lib/python3.10/site-packages:${PYTHONPATH} /usr/bin/python3 -W ignore:setup.py install is deprecated -W ignore:easy_install command is deprecated setup.py egg_info --egg-base ../../build/aicar_vision build --build-base /home/yusy/maedongyee/aicar_madongeeee/aicar_ws/build/aicar_vision/build install --record /home/yusy/maedongyee/aicar_madongeeee/aicar_ws/build/aicar_vision/install.log --single-version-externally-managed install_data
