running egg_info
writing ../../build/aicar_driver/aicar_driver.egg-info/PKG-INFO
writing dependency_links to ../../build/aicar_driver/aicar_driver.egg-info/dependency_links.txt
writing entry points to ../../build/aicar_driver/aicar_driver.egg-info/entry_points.txt
writing requirements to ../../build/aicar_driver/aicar_driver.egg-info/requires.txt
writing top-level names to ../../build/aicar_driver/aicar_driver.egg-info/top_level.txt
reading manifest file '../../build/aicar_driver/aicar_driver.egg-info/SOURCES.txt'
writing manifest file '../../build/aicar_driver/aicar_driver.egg-info/SOURCES.txt'
running build
running build_py
copying aicar_driver/motor_stop_node.py -> /home/yusy/maedongyee/aicar_madongeeee/aicar_ws/build/aicar_driver/build/lib/aicar_driver
copying aicar_driver/motor_controller_node.py -> /home/yusy/maedongyee/aicar_madongeeee/aicar_ws/build/aicar_driver/build/lib/aicar_driver
copying aicar_driver/drive_direction_display_node.py -> /home/yusy/maedongyee/aicar_madongeeee/aicar_ws/build/aicar_driver/build/lib/aicar_driver
copying aicar_driver/differential_drive_node.py -> /home/yusy/maedongyee/aicar_madongeeee/aicar_ws/build/aicar_driver/build/lib/aicar_driver
running install
running install_lib
copying /home/yusy/maedongyee/aicar_madongeeee/aicar_ws/build/aicar_driver/build/lib/aicar_driver/motor_stop_node.py -> /home/yusy/maedongyee/aicar_madongeeee/aicar_ws/install/aicar_driver/lib/python3.10/site-packages/aicar_driver
copying /home/yusy/maedongyee/aicar_madongeeee/aicar_ws/build/aicar_driver/build/lib/aicar_driver/motor_controller_node.py -> /home/yusy/maedongyee/aicar_madongeeee/aicar_ws/install/aicar_driver/lib/python3.10/site-packages/aicar_driver
copying /home/yusy/maedongyee/aicar_madongeeee/aicar_ws/build/aicar_driver/build/lib/aicar_driver/drive_direction_display_node.py -> /home/yusy/maedongyee/aicar_madongeeee/aicar_ws/install/aicar_driver/lib/python3.10/site-packages/aicar_driver
copying /home/yusy/maedongyee/aicar_madongeeee/aicar_ws/build/aicar_driver/build/lib/aicar_driver/differential_drive_node.py -> /home/yusy/maedongyee/aicar_madongeeee/aicar_ws/install/aicar_driver/lib/python3.10/site-packages/aicar_driver
byte-compiling /home/yusy/maedongyee/aicar_madongeeee/aicar_ws/install/aicar_driver/lib/python3.10/site-packages/aicar_driver/motor_stop_node.py to motor_stop_node.cpython-310.pyc
byte-compiling /home/yusy/maedongyee/aicar_madongeeee/aicar_ws/install/aicar_driver/lib/python3.10/site-packages/aicar_driver/motor_controller_node.py to motor_controller_node.cpython-310.pyc
byte-compiling /home/yusy/maedongyee/aicar_madongeeee/aicar_ws/install/aicar_driver/lib/python3.10/site-packages/aicar_driver/drive_direction_display_node.py to drive_direction_display_node.cpython-310.pyc
byte-compiling /home/yusy/maedongyee/aicar_madongeeee/aicar_ws/install/aicar_driver/lib/python3.10/site-packages/aicar_driver/differential_drive_node.py to differential_drive_node.cpython-310.pyc
running install_data
running install_egg_info
removing '/home/yusy/maedongyee/aicar_madongeeee/aicar_ws/install/aicar_driver/lib/python3.10/site-packages/aicar_driver-0.0.0-py3.10.egg-info' (and everything under it)
Copying ../../build/aicar_driver/aicar_driver.egg-info to /home/yusy/maedongyee/aicar_madongeeee/aicar_ws/install/aicar_driver/lib/python3.10/site-packages/aicar_driver-0.0.0-py3.10.egg-info
running install_scripts
Installing differential_drive_node script to /home/yusy/maedongyee/aicar_madongeeee/aicar_ws/install/aicar_driver/lib/aicar_driver
Installing drive_direction_display_node script to /home/yusy/maedongyee/aicar_madongeeee/aicar_ws/install/aicar_driver/lib/aicar_driver
Installing motor_controller_node script to /home/yusy/maedongyee/aicar_madongeeee/aicar_ws/install/aicar_driver/lib/aicar_driver
Installing motor_stop_node script to /home/yusy/maedongyee/aicar_madongeeee/aicar_ws/install/aicar_driver/lib/aicar_driver
writing list of installed files to '/home/yusy/maedongyee/aicar_madongeeee/aicar_ws/build/aicar_driver/install.log'
