[0.139s] DEBUG:colcon:Command line arguments: ['/usr/bin/colcon', 'build', '--event-handlers=console_direct+']
[0.139s] DEBUG:colcon:Parsed command line arguments: Namespace(log_base=None, log_level=None, verb_name='build', build_base='build', install_base='install', merge_install=False, symlink_install=False, test_result_base=None, continue_on_error=False, executor='parallel', parallel_workers=4, event_handlers=['console_direct+'], ignore_user_meta=False, metas=['./colcon.meta'], base_paths=['.'], packages_ignore=None, packages_ignore_regex=None, paths=None, packages_up_to=None, packages_up_to_regex=None, packages_above=None, packages_above_and_dependencies=None, packages_above_depth=None, packages_select_by_dep=None, packages_skip_by_dep=None, packages_skip_up_to=None, packages_select_build_failed=False, packages_skip_build_finished=False, packages_select_test_failures=False, packages_skip_test_passed=False, packages_select=None, packages_skip=None, packages_select_regex=None, packages_skip_regex=None, packages_start=None, packages_end=None, allow_overriding=[], cmake_args=None, cmake_target=None, cmake_target_skip_unavailable=False, cmake_clean_cache=False, cmake_clean_first=False, cmake_force_configure=False, ament_cmake_args=None, catkin_cmake_args=None, catkin_skip_building_tests=False, mixin_files=None, mixin=None, verb_parser=<colcon_mixin.mixin.mixin_argument.MixinArgumentDecorator object at 0xffff890ef2b0>, verb_extension=<colcon_core.verb.build.BuildVerb object at 0xffff890eee00>, main=<bound method BuildVerb.main of <colcon_core.verb.build.BuildVerb object at 0xffff890eee00>>, mixin_verb=('build',))
[0.307s] Level 1:colcon.colcon_core.package_discovery:discover_packages(colcon_meta) check parameters
[0.307s] Level 1:colcon.colcon_core.package_discovery:discover_packages(recursive) check parameters
[0.307s] Level 1:colcon.colcon_core.package_discovery:discover_packages(ignore) check parameters
[0.308s] Level 1:colcon.colcon_core.package_discovery:discover_packages(path) check parameters
[0.308s] Level 1:colcon.colcon_core.package_discovery:discover_packages(colcon_meta) discover
[0.308s] Level 1:colcon.colcon_core.package_discovery:discover_packages(recursive) discover
[0.308s] INFO:colcon.colcon_core.package_discovery:Crawling recursively for packages in '/root/camera_ws'
[0.308s] Level 1:colcon.colcon_core.package_identification:_identify(.) by extensions ['ignore', 'ignore_ament_install']
[0.308s] Level 1:colcon.colcon_core.package_identification:_identify(.) by extension 'ignore'
[0.308s] Level 1:colcon.colcon_core.package_identification:_identify(.) by extension 'ignore_ament_install'
[0.308s] Level 1:colcon.colcon_core.package_identification:_identify(.) by extensions ['colcon_pkg']
[0.308s] Level 1:colcon.colcon_core.package_identification:_identify(.) by extension 'colcon_pkg'
[0.308s] Level 1:colcon.colcon_core.package_identification:_identify(.) by extensions ['colcon_meta']
[0.308s] Level 1:colcon.colcon_core.package_identification:_identify(.) by extension 'colcon_meta'
[0.308s] Level 1:colcon.colcon_core.package_identification:_identify(.) by extensions ['ros']
[0.308s] Level 1:colcon.colcon_core.package_identification:_identify(.) by extension 'ros'
[0.325s] Level 1:colcon.colcon_core.package_identification:_identify(.) by extensions ['cmake', 'python']
[0.325s] Level 1:colcon.colcon_core.package_identification:_identify(.) by extension 'cmake'
[0.325s] Level 1:colcon.colcon_core.package_identification:_identify(.) by extension 'python'
[0.325s] Level 1:colcon.colcon_core.package_identification:_identify(.) by extensions ['python_setup_py']
[0.325s] Level 1:colcon.colcon_core.package_identification:_identify(.) by extension 'python_setup_py'
[0.326s] Level 1:colcon.colcon_core.package_identification:_identify(build) by extensions ['ignore', 'ignore_ament_install']
[0.326s] Level 1:colcon.colcon_core.package_identification:_identify(build) by extension 'ignore'
[0.326s] Level 1:colcon.colcon_core.package_identification:_identify(build) ignored
[0.326s] Level 1:colcon.colcon_core.package_identification:_identify(install) by extensions ['ignore', 'ignore_ament_install']
[0.326s] Level 1:colcon.colcon_core.package_identification:_identify(install) by extension 'ignore'
[0.326s] Level 1:colcon.colcon_core.package_identification:_identify(install) ignored
[0.326s] Level 1:colcon.colcon_core.package_identification:_identify(log) by extensions ['ignore', 'ignore_ament_install']
[0.326s] Level 1:colcon.colcon_core.package_identification:_identify(log) by extension 'ignore'
[0.326s] Level 1:colcon.colcon_core.package_identification:_identify(log) ignored
[0.326s] Level 1:colcon.colcon_core.package_identification:_identify(src) by extensions ['ignore', 'ignore_ament_install']
[0.327s] Level 1:colcon.colcon_core.package_identification:_identify(src) by extension 'ignore'
[0.327s] Level 1:colcon.colcon_core.package_identification:_identify(src) by extension 'ignore_ament_install'
[0.327s] Level 1:colcon.colcon_core.package_identification:_identify(src) by extensions ['colcon_pkg']
[0.327s] Level 1:colcon.colcon_core.package_identification:_identify(src) by extension 'colcon_pkg'
[0.327s] Level 1:colcon.colcon_core.package_identification:_identify(src) by extensions ['colcon_meta']
[0.327s] Level 1:colcon.colcon_core.package_identification:_identify(src) by extension 'colcon_meta'
[0.327s] Level 1:colcon.colcon_core.package_identification:_identify(src) by extensions ['ros']
[0.327s] Level 1:colcon.colcon_core.package_identification:_identify(src) by extension 'ros'
[0.327s] Level 1:colcon.colcon_core.package_identification:_identify(src) by extensions ['cmake', 'python']
[0.327s] Level 1:colcon.colcon_core.package_identification:_identify(src) by extension 'cmake'
[0.327s] Level 1:colcon.colcon_core.package_identification:_identify(src) by extension 'python'
[0.327s] Level 1:colcon.colcon_core.package_identification:_identify(src) by extensions ['python_setup_py']
[0.327s] Level 1:colcon.colcon_core.package_identification:_identify(src) by extension 'python_setup_py'
[0.327s] Level 1:colcon.colcon_core.package_identification:_identify(src/build) by extensions ['ignore', 'ignore_ament_install']
[0.327s] Level 1:colcon.colcon_core.package_identification:_identify(src/build) by extension 'ignore'
[0.327s] Level 1:colcon.colcon_core.package_identification:_identify(src/build) ignored
[0.327s] Level 1:colcon.colcon_core.package_identification:_identify(src/camera_ros) by extensions ['ignore', 'ignore_ament_install']
[0.327s] Level 1:colcon.colcon_core.package_identification:_identify(src/camera_ros) by extension 'ignore'
[0.328s] Level 1:colcon.colcon_core.package_identification:_identify(src/camera_ros) by extension 'ignore_ament_install'
[0.328s] Level 1:colcon.colcon_core.package_identification:_identify(src/camera_ros) by extensions ['colcon_pkg']
[0.328s] Level 1:colcon.colcon_core.package_identification:_identify(src/camera_ros) by extension 'colcon_pkg'
[0.328s] Level 1:colcon.colcon_core.package_identification:_identify(src/camera_ros) by extensions ['colcon_meta']
[0.328s] Level 1:colcon.colcon_core.package_identification:_identify(src/camera_ros) by extension 'colcon_meta'
[0.328s] Level 1:colcon.colcon_core.package_identification:_identify(src/camera_ros) by extensions ['ros']
[0.328s] Level 1:colcon.colcon_core.package_identification:_identify(src/camera_ros) by extension 'ros'
[0.333s] DEBUG:colcon.colcon_core.package_identification:Package 'src/camera_ros' with type 'ros.ament_cmake' and name 'camera_ros'
[0.334s] Level 1:colcon.colcon_core.package_identification:_identify(src/install) by extensions ['ignore', 'ignore_ament_install']
[0.334s] Level 1:colcon.colcon_core.package_identification:_identify(src/install) by extension 'ignore'
[0.334s] Level 1:colcon.colcon_core.package_identification:_identify(src/install) ignored
[0.334s] Level 1:colcon.colcon_core.package_identification:_identify(src/log) by extensions ['ignore', 'ignore_ament_install']
[0.334s] Level 1:colcon.colcon_core.package_identification:_identify(src/log) by extension 'ignore'
[0.334s] Level 1:colcon.colcon_core.package_identification:_identify(src/log) ignored
[0.334s] Level 1:colcon.colcon_core.package_discovery:discover_packages(recursive) using defaults
[0.334s] Level 1:colcon.colcon_core.package_discovery:discover_packages(ignore) discover
[0.334s] Level 1:colcon.colcon_core.package_discovery:discover_packages(ignore) using defaults
[0.334s] Level 1:colcon.colcon_core.package_discovery:discover_packages(path) discover
[0.334s] Level 1:colcon.colcon_core.package_discovery:discover_packages(path) using defaults
[0.359s] Level 1:colcon.colcon_core.package_discovery:discover_packages(prefix_path) check parameters
[0.359s] Level 1:colcon.colcon_core.package_discovery:discover_packages(prefix_path) discover
[0.362s] DEBUG:colcon.colcon_installed_package_information.package_discovery:Found 191 installed packages in /opt/ros/humble
[0.363s] Level 1:colcon.colcon_core.package_discovery:discover_packages(prefix_path) using defaults
[0.420s] Level 5:colcon.colcon_core.verb:set package 'camera_ros' build argument 'cmake_args' from command line to 'None'
[0.420s] Level 5:colcon.colcon_core.verb:set package 'camera_ros' build argument 'cmake_target' from command line to 'None'
[0.421s] Level 5:colcon.colcon_core.verb:set package 'camera_ros' build argument 'cmake_target_skip_unavailable' from command line to 'False'
[0.421s] Level 5:colcon.colcon_core.verb:set package 'camera_ros' build argument 'cmake_clean_cache' from command line to 'False'
[0.421s] Level 5:colcon.colcon_core.verb:set package 'camera_ros' build argument 'cmake_clean_first' from command line to 'False'
[0.421s] Level 5:colcon.colcon_core.verb:set package 'camera_ros' build argument 'cmake_force_configure' from command line to 'False'
[0.421s] Level 5:colcon.colcon_core.verb:set package 'camera_ros' build argument 'ament_cmake_args' from command line to 'None'
[0.421s] Level 5:colcon.colcon_core.verb:set package 'camera_ros' build argument 'catkin_cmake_args' from command line to 'None'
[0.421s] Level 5:colcon.colcon_core.verb:set package 'camera_ros' build argument 'catkin_skip_building_tests' from command line to 'False'
[0.421s] DEBUG:colcon.colcon_core.verb:Building package 'camera_ros' with the following arguments: {'ament_cmake_args': None, 'build_base': '/root/camera_ws/build/camera_ros', 'catkin_cmake_args': None, 'catkin_skip_building_tests': False, 'cmake_args': None, 'cmake_clean_cache': False, 'cmake_clean_first': False, 'cmake_force_configure': False, 'cmake_target': None, 'cmake_target_skip_unavailable': False, 'install_base': '/root/camera_ws/install/camera_ros', 'merge_install': False, 'path': '/root/camera_ws/src/camera_ros', 'symlink_install': False, 'test_result_base': None}
[0.421s] INFO:colcon.colcon_core.executor:Executing jobs using 'parallel' executor
[0.422s] DEBUG:colcon.colcon_parallel_executor.executor.parallel:run_until_complete
[0.423s] INFO:colcon.colcon_ros.task.ament_cmake.build:Building ROS package in '/root/camera_ws/src/camera_ros' with build type 'ament_cmake'
[0.423s] INFO:colcon.colcon_cmake.task.cmake.build:Building CMake package in '/root/camera_ws/src/camera_ros'
[0.426s] INFO:colcon.colcon_core.plugin_system:Skipping extension 'colcon_core.shell.bat': Not used on non-Windows systems
[0.426s] INFO:colcon.colcon_core.shell:Skip shell extension 'powershell' for command environment: Not usable outside of PowerShell
[0.426s] DEBUG:colcon.colcon_core.shell:Skip shell extension 'dsv' for command environment
[0.447s] DEBUG:colcon.colcon_core.event_handler.log_command:Invoking command in '/root/camera_ws/build/camera_ros': CMAKE_PREFIX_PATH=/opt/ros/humble /usr/bin/cmake /root/camera_ws/src/camera_ros -DCMAKE_INSTALL_PREFIX=/root/camera_ws/install/camera_ros
[2.972s] DEBUG:colcon.colcon_core.event_handler.log_command:Invoked command in '/root/camera_ws/build/camera_ros' returned '0': CMAKE_PREFIX_PATH=/opt/ros/humble /usr/bin/cmake /root/camera_ws/src/camera_ros -DCMAKE_INSTALL_PREFIX=/root/camera_ws/install/camera_ros
[2.975s] DEBUG:colcon.colcon_core.event_handler.log_command:Invoking command in '/root/camera_ws/build/camera_ros': CMAKE_PREFIX_PATH=/opt/ros/humble /usr/bin/cmake --build /root/camera_ws/build/camera_ros -- -j4 -l4
[37.797s] DEBUG:colcon.colcon_core.event_handler.log_command:Invoked command in '/root/camera_ws/build/camera_ros' returned '0': CMAKE_PREFIX_PATH=/opt/ros/humble /usr/bin/cmake --build /root/camera_ws/build/camera_ros -- -j4 -l4
[37.817s] DEBUG:colcon.colcon_core.event_handler.log_command:Invoking command in '/root/camera_ws/build/camera_ros': CMAKE_PREFIX_PATH=/opt/ros/humble /usr/bin/cmake --install /root/camera_ws/build/camera_ros
[37.853s] Level 1:colcon.colcon_core.environment:create_environment_scripts_only(camera_ros)
[37.854s] DEBUG:colcon.colcon_core.event_handler.log_command:Invoked command in '/root/camera_ws/build/camera_ros' returned '0': CMAKE_PREFIX_PATH=/opt/ros/humble /usr/bin/cmake --install /root/camera_ws/build/camera_ros
[37.857s] Level 1:colcon.colcon_core.environment:checking '/root/camera_ws/install/camera_ros' for CMake module files
[37.858s] Level 1:colcon.colcon_core.environment:checking '/root/camera_ws/install/camera_ros' for CMake config files
[37.858s] Level 1:colcon.colcon_core.shell:create_environment_hook('camera_ros', 'cmake_prefix_path')
[37.858s] INFO:colcon.colcon_core.shell:Creating environment hook '/root/camera_ws/install/camera_ros/share/camera_ros/hook/cmake_prefix_path.ps1'
[37.859s] INFO:colcon.colcon_core.shell:Creating environment descriptor '/root/camera_ws/install/camera_ros/share/camera_ros/hook/cmake_prefix_path.dsv'
[37.860s] INFO:colcon.colcon_core.shell:Creating environment hook '/root/camera_ws/install/camera_ros/share/camera_ros/hook/cmake_prefix_path.sh'
[37.861s] Level 1:colcon.colcon_core.environment:checking '/root/camera_ws/install/camera_ros/lib'
[37.861s] Level 1:colcon.colcon_core.shell:create_environment_hook('camera_ros', 'ld_library_path_lib')
[37.862s] INFO:colcon.colcon_core.shell:Creating environment hook '/root/camera_ws/install/camera_ros/share/camera_ros/hook/ld_library_path_lib.ps1'
[37.862s] INFO:colcon.colcon_core.shell:Creating environment descriptor '/root/camera_ws/install/camera_ros/share/camera_ros/hook/ld_library_path_lib.dsv'
[37.863s] INFO:colcon.colcon_core.shell:Creating environment hook '/root/camera_ws/install/camera_ros/share/camera_ros/hook/ld_library_path_lib.sh'
[37.863s] Level 1:colcon.colcon_core.environment:checking '/root/camera_ws/install/camera_ros/bin'
[37.863s] Level 1:colcon.colcon_core.environment:checking '/root/camera_ws/install/camera_ros/lib/pkgconfig/camera_ros.pc'
[37.864s] Level 1:colcon.colcon_core.environment:checking '/root/camera_ws/install/camera_ros/lib/python3.10/site-packages'
[37.864s] Level 1:colcon.colcon_core.environment:checking '/root/camera_ws/install/camera_ros/bin'
[37.865s] INFO:colcon.colcon_core.shell:Creating package script '/root/camera_ws/install/camera_ros/share/camera_ros/package.ps1'
[37.866s] INFO:colcon.colcon_core.shell:Creating package descriptor '/root/camera_ws/install/camera_ros/share/camera_ros/package.dsv'
[37.867s] INFO:colcon.colcon_core.shell:Creating package script '/root/camera_ws/install/camera_ros/share/camera_ros/package.sh'
[37.868s] INFO:colcon.colcon_core.shell:Creating package script '/root/camera_ws/install/camera_ros/share/camera_ros/package.bash'
[37.869s] INFO:colcon.colcon_core.shell:Creating package script '/root/camera_ws/install/camera_ros/share/camera_ros/package.zsh'
[37.870s] Level 1:colcon.colcon_core.environment:create_file_with_runtime_dependencies(/root/camera_ws/install/camera_ros/share/colcon-core/packages/camera_ros)
[37.871s] Level 1:colcon.colcon_core.environment:create_environment_scripts_only(camera_ros)
[37.871s] Level 1:colcon.colcon_core.environment:checking '/root/camera_ws/install/camera_ros' for CMake module files
[37.872s] Level 1:colcon.colcon_core.environment:checking '/root/camera_ws/install/camera_ros' for CMake config files
[37.872s] Level 1:colcon.colcon_core.shell:create_environment_hook('camera_ros', 'cmake_prefix_path')
[37.872s] INFO:colcon.colcon_core.shell:Creating environment hook '/root/camera_ws/install/camera_ros/share/camera_ros/hook/cmake_prefix_path.ps1'
[37.873s] INFO:colcon.colcon_core.shell:Creating environment descriptor '/root/camera_ws/install/camera_ros/share/camera_ros/hook/cmake_prefix_path.dsv'
[37.874s] INFO:colcon.colcon_core.shell:Creating environment hook '/root/camera_ws/install/camera_ros/share/camera_ros/hook/cmake_prefix_path.sh'
[37.876s] Level 1:colcon.colcon_core.environment:checking '/root/camera_ws/install/camera_ros/lib'
[37.876s] Level 1:colcon.colcon_core.shell:create_environment_hook('camera_ros', 'ld_library_path_lib')
[37.876s] INFO:colcon.colcon_core.shell:Creating environment hook '/root/camera_ws/install/camera_ros/share/camera_ros/hook/ld_library_path_lib.ps1'
[37.877s] INFO:colcon.colcon_core.shell:Creating environment descriptor '/root/camera_ws/install/camera_ros/share/camera_ros/hook/ld_library_path_lib.dsv'
[37.882s] INFO:colcon.colcon_core.shell:Creating environment hook '/root/camera_ws/install/camera_ros/share/camera_ros/hook/ld_library_path_lib.sh'
[37.883s] Level 1:colcon.colcon_core.environment:checking '/root/camera_ws/install/camera_ros/bin'
[37.883s] Level 1:colcon.colcon_core.environment:checking '/root/camera_ws/install/camera_ros/lib/pkgconfig/camera_ros.pc'
[37.883s] Level 1:colcon.colcon_core.environment:checking '/root/camera_ws/install/camera_ros/lib/python3.10/site-packages'
[37.883s] Level 1:colcon.colcon_core.environment:checking '/root/camera_ws/install/camera_ros/bin'
[37.884s] INFO:colcon.colcon_core.shell:Creating package script '/root/camera_ws/install/camera_ros/share/camera_ros/package.ps1'
[37.885s] INFO:colcon.colcon_core.shell:Creating package descriptor '/root/camera_ws/install/camera_ros/share/camera_ros/package.dsv'
[37.885s] INFO:colcon.colcon_core.shell:Creating package script '/root/camera_ws/install/camera_ros/share/camera_ros/package.sh'
[37.886s] INFO:colcon.colcon_core.shell:Creating package script '/root/camera_ws/install/camera_ros/share/camera_ros/package.bash'
[37.887s] INFO:colcon.colcon_core.shell:Creating package script '/root/camera_ws/install/camera_ros/share/camera_ros/package.zsh'
[37.888s] Level 1:colcon.colcon_core.environment:create_file_with_runtime_dependencies(/root/camera_ws/install/camera_ros/share/colcon-core/packages/camera_ros)
[37.888s] DEBUG:colcon.colcon_parallel_executor.executor.parallel:closing loop
[37.889s] DEBUG:colcon.colcon_parallel_executor.executor.parallel:loop closed
[37.889s] DEBUG:colcon.colcon_parallel_executor.executor.parallel:run_until_complete finished with '0'
[37.889s] DEBUG:colcon.colcon_core.event_reactor:joining thread
[37.897s] INFO:colcon.colcon_core.plugin_system:Skipping extension 'colcon_notification.desktop_notification.notify_send': Could not find 'notify-send'
[37.897s] INFO:colcon.colcon_core.plugin_system:Skipping extension 'colcon_notification.desktop_notification.terminal_notifier': Not used on non-Darwin systems
[37.897s] INFO:colcon.colcon_core.plugin_system:Skipping extension 'colcon_notification.desktop_notification.win32': Not used on non-Windows systems
[37.898s] INFO:colcon.colcon_notification.desktop_notification:Sending desktop notification using 'notify2'
[37.898s] DEBUG:colcon.colcon_notification.desktop_notification.notify2:Failed to initialize notify2: org.freedesktop.DBus.Error.NotSupported: Unable to autolaunch a dbus-daemon without a $DISPLAY for X11
[37.898s] DEBUG:colcon.colcon_core.event_reactor:joined thread
[37.898s] INFO:colcon.colcon_core.shell:Creating prefix script '/root/camera_ws/install/local_setup.ps1'
[37.900s] INFO:colcon.colcon_core.shell:Creating prefix util module '/root/camera_ws/install/_local_setup_util_ps1.py'
[37.902s] INFO:colcon.colcon_core.shell:Creating prefix chain script '/root/camera_ws/install/setup.ps1'
[37.903s] INFO:colcon.colcon_core.shell:Creating prefix script '/root/camera_ws/install/local_setup.sh'
[37.904s] INFO:colcon.colcon_core.shell:Creating prefix util module '/root/camera_ws/install/_local_setup_util_sh.py'
[37.904s] INFO:colcon.colcon_core.shell:Creating prefix chain script '/root/camera_ws/install/setup.sh'
[37.906s] INFO:colcon.colcon_core.shell:Creating prefix script '/root/camera_ws/install/local_setup.bash'
[37.906s] INFO:colcon.colcon_core.shell:Creating prefix chain script '/root/camera_ws/install/setup.bash'
[37.907s] INFO:colcon.colcon_core.shell:Creating prefix script '/root/camera_ws/install/local_setup.zsh'
[37.908s] INFO:colcon.colcon_core.shell:Creating prefix chain script '/root/camera_ws/install/setup.zsh'
