[0.573s] Invoking command in '/home/yusy/maedongyee/aicar_madongeeee/aicar_ws/src/aicar_vision': PYTHONPATH=/home/yusy/maedongyee/aicar_madongeeee/aicar_ws/build/aicar_vision/prefix_override:/usr/lib/python3/dist-packages/colcon_core/task/python/colcon_distutils_commands:/home/yusy/maedongyee/aicar_madongeeee/aicar_ws/install/aicar_vision/lib/python3.10/site-packages:${PYTHONPATH} /usr/bin/python3 -W ignore:setup.py install is deprecated -W ignore:easy_install command is deprecated setup.py egg_info --egg-base ../../build/aicar_vision build --build-base /home/yusy/maedongyee/aicar_madongeeee/aicar_ws/build/aicar_vision/build install --record /home/yusy/maedongyee/aicar_madongeeee/aicar_ws/build/aicar_vision/install.log --single-version-externally-managed install_data
[0.703s] running egg_info
[0.704s] writing ../../build/aicar_vision/aicar_vision.egg-info/PKG-INFO
[0.704s] writing dependency_links to ../../build/aicar_vision/aicar_vision.egg-info/dependency_links.txt
[0.704s] writing entry points to ../../build/aicar_vision/aicar_vision.egg-info/entry_points.txt
[0.704s] writing requirements to ../../build/aicar_vision/aicar_vision.egg-info/requires.txt
[0.704s] writing top-level names to ../../build/aicar_vision/aicar_vision.egg-info/top_level.txt
[0.705s] reading manifest file '../../build/aicar_vision/aicar_vision.egg-info/SOURCES.txt'
[0.705s] writing manifest file '../../build/aicar_vision/aicar_vision.egg-info/SOURCES.txt'
[0.705s] running build
[0.705s] running build_py
[0.705s] running install
[0.705s] running install_lib
[0.706s] running install_data
[0.706s] running install_egg_info
[0.707s] removing '/home/yusy/maedongyee/aicar_madongeeee/aicar_ws/install/aicar_vision/lib/python3.10/site-packages/aicar_vision-0.0.0-py3.10.egg-info' (and everything under it)
[0.707s] Copying ../../build/aicar_vision/aicar_vision.egg-info to /home/yusy/maedongyee/aicar_madongeeee/aicar_ws/install/aicar_vision/lib/python3.10/site-packages/aicar_vision-0.0.0-py3.10.egg-info
[0.707s] running install_scripts
[0.717s] Installing bev_viewer_node script to /home/yusy/maedongyee/aicar_madongeeee/aicar_ws/install/aicar_vision/lib/aicar_vision
[0.718s] Installing fake_detector_node script to /home/yusy/maedongyee/aicar_madongeeee/aicar_ws/install/aicar_vision/lib/aicar_vision
[0.718s] Installing lane_detector_node script to /home/yusy/maedongyee/aicar_madongeeee/aicar_ws/install/aicar_vision/lib/aicar_vision
[0.718s] Installing sign_detector_node script to /home/yusy/maedongyee/aicar_madongeeee/aicar_ws/install/aicar_vision/lib/aicar_vision
[0.723s] writing list of installed files to '/home/yusy/maedongyee/aicar_madongeeee/aicar_ws/build/aicar_vision/install.log'
[0.735s] Invoked command in '/home/yusy/maedongyee/aicar_madongeeee/aicar_ws/src/aicar_vision' returned '0': PYTHONPATH=/home/yusy/maedongyee/aicar_madongeeee/aicar_ws/build/aicar_vision/prefix_override:/usr/lib/python3/dist-packages/colcon_core/task/python/colcon_distutils_commands:/home/yusy/maedongyee/aicar_madongeeee/aicar_ws/install/aicar_vision/lib/python3.10/site-packages:${PYTHONPATH} /usr/bin/python3 -W ignore:setup.py install is deprecated -W ignore:easy_install command is deprecated setup.py egg_info --egg-base ../../build/aicar_vision build --build-base /home/yusy/maedongyee/aicar_madongeeee/aicar_ws/build/aicar_vision/build install --record /home/yusy/maedongyee/aicar_madongeeee/aicar_ws/build/aicar_vision/install.log --single-version-externally-managed install_data
