[35m[1mConsolidate compiler generated dependencies of target utils[0m
[35m[1mConsolidate compiler generated dependencies of target camera_node[0m
[35m[1mConsolidate compiler generated dependencies of target param[0m
[ 15%] Built target utils
[ 30%] Built target camera_node
[ 84%] Built target param
[35m[1mConsolidate compiler generated dependencies of target camera_component[0m
[100%] Built target camera_component
-- Install configuration: ""
-- Up-to-date: /root/camera_ws/install/camera_ros/lib/camera_ros/camera_node
-- Up-to-date: /root/camera_ws/install/camera_ros/share/camera_ros/environment/library_path.sh
-- Up-to-date: /root/camera_ws/install/camera_ros/share/camera_ros/environment/library_path.dsv
-- Up-to-date: /root/camera_ws/install/camera_ros/lib/libcamera_component.so
-- Up-to-date: /root/camera_ws/install/camera_ros/share/camera_ros//launch
-- Installing: /root/camera_ws/install/camera_ros/share/camera_ros//launch/camera.launch.py
-- Up-to-date: /root/camera_ws/install/camera_ros/share/ament_index/resource_index/package_run_dependencies/camera_ros
-- Up-to-date: /root/camera_ws/install/camera_ros/share/ament_index/resource_index/parent_prefix_path/camera_ros
-- Up-to-date: /root/camera_ws/install/camera_ros/share/camera_ros/environment/ament_prefix_path.sh
-- Up-to-date: /root/camera_ws/install/camera_ros/share/camera_ros/environment/ament_prefix_path.dsv
-- Up-to-date: /root/camera_ws/install/camera_ros/share/camera_ros/environment/path.sh
-- Up-to-date: /root/camera_ws/install/camera_ros/share/camera_ros/environment/path.dsv
-- Up-to-date: /root/camera_ws/install/camera_ros/share/camera_ros/local_setup.bash
-- Up-to-date: /root/camera_ws/install/camera_ros/share/camera_ros/local_setup.sh
-- Up-to-date: /root/camera_ws/install/camera_ros/share/camera_ros/local_setup.zsh
-- Up-to-date: /root/camera_ws/install/camera_ros/share/camera_ros/local_setup.dsv
-- Installing: /root/camera_ws/install/camera_ros/share/camera_ros/package.dsv
-- Up-to-date: /root/camera_ws/install/camera_ros/share/ament_index/resource_index/packages/camera_ros
-- Up-to-date: /root/camera_ws/install/camera_ros/share/ament_index/resource_index/rclcpp_components/camera_ros
-- Up-to-date: /root/camera_ws/install/camera_ros/share/camera_ros/cmake/camera_componentTargetsExport.cmake
-- Up-to-date: /root/camera_ws/install/camera_ros/share/camera_ros/cmake/camera_componentTargetsExport-noconfig.cmake
-- Up-to-date: /root/camera_ws/install/camera_ros/share/camera_ros/cmake/ament_cmake_export_targets-extras.cmake
-- Up-to-date: /root/camera_ws/install/camera_ros/share/camera_ros/cmake/ament_cmake_export_dependencies-extras.cmake
-- Up-to-date: /root/camera_ws/install/camera_ros/share/camera_ros/cmake/camera_rosConfig.cmake
-- Up-to-date: /root/camera_ws/install/camera_ros/share/camera_ros/cmake/camera_rosConfig-version.cmake
-- Up-to-date: /root/camera_ws/install/camera_ros/share/camera_ros/package.xml
