[0.040s] Invoking command in '/root/camera_ws/build/camera_ros': CMAKE_PREFIX_PATH=${CMAKE_PREFIX_PATH}:/opt/ros/humble /usr/bin/cmake --build /root/camera_ws/build/camera_ros -- -j4 -l4
[0.110s] [35m[1mConsolidate compiler generated dependencies of target utils[0m
[0.110s] [35m[1mConsolidate compiler generated dependencies of target camera_node[0m
[0.114s] [35m[1mConsolidate compiler generated dependencies of target param[0m
[0.136s] [ 15%] Built target utils
[0.141s] [ 30%] Built target camera_node
[0.174s] [ 84%] Built target param
[0.192s] [35m[1mConsolidate compiler generated dependencies of target camera_component[0m
[0.222s] [100%] Built target camera_component
[0.241s] Invoked command in '/root/camera_ws/build/camera_ros' returned '0': CMAKE_PREFIX_PATH=${CMAKE_PREFIX_PATH}:/opt/ros/humble /usr/bin/cmake --build /root/camera_ws/build/camera_ros -- -j4 -l4
[0.258s] Invoking command in '/root/camera_ws/build/camera_ros': CMAKE_PREFIX_PATH=${CMAKE_PREFIX_PATH}:/opt/ros/humble /usr/bin/cmake --install /root/camera_ws/build/camera_ros
[0.269s] -- Install configuration: ""
[0.269s] -- Up-to-date: /root/camera_ws/install/camera_ros/lib/camera_ros/camera_node
[0.270s] -- Up-to-date: /root/camera_ws/install/camera_ros/share/camera_ros/environment/library_path.sh
[0.270s] -- Up-to-date: /root/camera_ws/install/camera_ros/share/camera_ros/environment/library_path.dsv
[0.271s] -- Up-to-date: /root/camera_ws/install/camera_ros/lib/libcamera_component.so
[0.271s] -- Up-to-date: /root/camera_ws/install/camera_ros/share/camera_ros//launch
[0.271s] -- Installing: /root/camera_ws/install/camera_ros/share/camera_ros//launch/camera.launch.py
[0.271s] -- Up-to-date: /root/camera_ws/install/camera_ros/share/ament_index/resource_index/package_run_dependencies/camera_ros
[0.271s] -- Up-to-date: /root/camera_ws/install/camera_ros/share/ament_index/resource_index/parent_prefix_path/camera_ros
[0.272s] -- Up-to-date: /root/camera_ws/install/camera_ros/share/camera_ros/environment/ament_prefix_path.sh
[0.272s] -- Up-to-date: /root/camera_ws/install/camera_ros/share/camera_ros/environment/ament_prefix_path.dsv
[0.272s] -- Up-to-date: /root/camera_ws/install/camera_ros/share/camera_ros/environment/path.sh
[0.272s] -- Up-to-date: /root/camera_ws/install/camera_ros/share/camera_ros/environment/path.dsv
[0.272s] -- Up-to-date: /root/camera_ws/install/camera_ros/share/camera_ros/local_setup.bash
[0.272s] -- Up-to-date: /root/camera_ws/install/camera_ros/share/camera_ros/local_setup.sh
[0.272s] -- Up-to-date: /root/camera_ws/install/camera_ros/share/camera_ros/local_setup.zsh
[0.272s] -- Up-to-date: /root/camera_ws/install/camera_ros/share/camera_ros/local_setup.dsv
[0.272s] -- Installing: /root/camera_ws/install/camera_ros/share/camera_ros/package.dsv
[0.272s] -- Up-to-date: /root/camera_ws/install/camera_ros/share/ament_index/resource_index/packages/camera_ros
[0.272s] -- Up-to-date: /root/camera_ws/install/camera_ros/share/ament_index/resource_index/rclcpp_components/camera_ros
[0.273s] -- Up-to-date: /root/camera_ws/install/camera_ros/share/camera_ros/cmake/camera_componentTargetsExport.cmake
[0.273s] -- Up-to-date: /root/camera_ws/install/camera_ros/share/camera_ros/cmake/camera_componentTargetsExport-noconfig.cmake
[0.273s] -- Up-to-date: /root/camera_ws/install/camera_ros/share/camera_ros/cmake/ament_cmake_export_targets-extras.cmake
[0.273s] -- Up-to-date: /root/camera_ws/install/camera_ros/share/camera_ros/cmake/ament_cmake_export_dependencies-extras.cmake
[0.273s] -- Up-to-date: /root/camera_ws/install/camera_ros/share/camera_ros/cmake/camera_rosConfig.cmake
[0.273s] -- Up-to-date: /root/camera_ws/install/camera_ros/share/camera_ros/cmake/camera_rosConfig-version.cmake
[0.273s] -- Up-to-date: /root/camera_ws/install/camera_ros/share/camera_ros/package.xml
[0.276s] Invoked command in '/root/camera_ws/build/camera_ros' returned '0': CMAKE_PREFIX_PATH=${CMAKE_PREFIX_PATH}:/opt/ros/humble /usr/bin/cmake --install /root/camera_ws/build/camera_ros
