[60.046s] Invoking command in '/home/yusy/maedongyee/aicar_madongeeee/aicar_ws/src/aicar_bringup': AMENT_PREFIX_PATH=/home/yusy/maedongyee/aicar_madongeeee/aicar_ws/install/aicar_vision:/home/yusy/maedongyee/aicar_madongeeee/aicar_ws/install/aicar_controller:${AMENT_PREFIX_PATH} PYTHONPATH=/home/yusy/maedongyee/aicar_madongeeee/aicar_ws/build/aicar_bringup/prefix_override:/usr/lib/python3/dist-packages/colcon_core/task/python/colcon_distutils_commands:/home/yusy/maedongyee/aicar_madongeeee/aicar_ws/install/aicar_bringup/lib/python3.10/site-packages:/home/yusy/maedongyee/aicar_madongeeee/aicar_ws/install/aicar_vision/lib/python3.10/site-packages:/home/yusy/maedongyee/aicar_madongeeee/aicar_ws/install/aicar_controller/lib/python3.10/site-packages:${PYTHONPATH} /usr/bin/python3 -W ignore:setup.py install is deprecated -W ignore:easy_install command is deprecated setup.py egg_info --egg-base ../../build/aicar_bringup build --build-base /home/yusy/maedongyee/aicar_madongeeee/aicar_ws/build/aicar_bringup/build install --record /home/yusy/maedongyee/aicar_madongeeee/aicar_ws/build/aicar_bringup/install.log --single-version-externally-managed install_data
[60.170s] running egg_info
[60.170s] creating ../../build/aicar_bringup/aicar_bringup.egg-info
[60.170s] writing ../../build/aicar_bringup/aicar_bringup.egg-info/PKG-INFO
[60.170s] writing dependency_links to ../../build/aicar_bringup/aicar_bringup.egg-info/dependency_links.txt
[60.170s] writing entry points to ../../build/aicar_bringup/aicar_bringup.egg-info/entry_points.txt
[60.170s] writing requirements to ../../build/aicar_bringup/aicar_bringup.egg-info/requires.txt
[60.170s] writing top-level names to ../../build/aicar_bringup/aicar_bringup.egg-info/top_level.txt
[60.170s] writing manifest file '../../build/aicar_bringup/aicar_bringup.egg-info/SOURCES.txt'
[60.171s] reading manifest file '../../build/aicar_bringup/aicar_bringup.egg-info/SOURCES.txt'
[60.172s] writing manifest file '../../build/aicar_bringup/aicar_bringup.egg-info/SOURCES.txt'
[60.172s] running build
[60.172s] running build_py
[60.172s] creating /home/yusy/maedongyee/aicar_madongeeee/aicar_ws/build/aicar_bringup/build
[60.172s] creating /home/yusy/maedongyee/aicar_madongeeee/aicar_ws/build/aicar_bringup/build/lib
[60.172s] creating /home/yusy/maedongyee/aicar_madongeeee/aicar_ws/build/aicar_bringup/build/lib/aicar_bringup
[60.172s] copying aicar_bringup/__init__.py -> /home/yusy/maedongyee/aicar_madongeeee/aicar_ws/build/aicar_bringup/build/lib/aicar_bringup
[60.172s] running install
[60.172s] running install_lib
[60.172s] creating /home/yusy/maedongyee/aicar_madongeeee/aicar_ws/install/aicar_bringup/lib/python3.10/site-packages/aicar_bringup
[60.172s] copying /home/yusy/maedongyee/aicar_madongeeee/aicar_ws/build/aicar_bringup/build/lib/aicar_bringup/__init__.py -> /home/yusy/maedongyee/aicar_madongeeee/aicar_ws/install/aicar_bringup/lib/python3.10/site-packages/aicar_bringup
[60.173s] byte-compiling /home/yusy/maedongyee/aicar_madongeeee/aicar_ws/install/aicar_bringup/lib/python3.10/site-packages/aicar_bringup/__init__.py to __init__.cpython-310.pyc
[60.173s] running install_data
[60.173s] creating /home/yusy/maedongyee/aicar_madongeeee/aicar_ws/install/aicar_bringup/share/ament_index
[60.173s] creating /home/yusy/maedongyee/aicar_madongeeee/aicar_ws/install/aicar_bringup/share/ament_index/resource_index
[60.173s] creating /home/yusy/maedongyee/aicar_madongeeee/aicar_ws/install/aicar_bringup/share/ament_index/resource_index/packages
[60.173s] copying resource/aicar_bringup -> /home/yusy/maedongyee/aicar_madongeeee/aicar_ws/install/aicar_bringup/share/ament_index/resource_index/packages
[60.173s] copying package.xml -> /home/yusy/maedongyee/aicar_madongeeee/aicar_ws/install/aicar_bringup/share/aicar_bringup
[60.173s] creating /home/yusy/maedongyee/aicar_madongeeee/aicar_ws/install/aicar_bringup/share/aicar_bringup/launch
[60.173s] copying launch/pid_aicar_drive.launch.py -> /home/yusy/maedongyee/aicar_madongeeee/aicar_ws/install/aicar_bringup/share/aicar_bringup/launch
[60.173s] copying launch/aicar_drive.launch.py -> /home/yusy/maedongyee/aicar_madongeeee/aicar_ws/install/aicar_bringup/share/aicar_bringup/launch
[60.173s] running install_egg_info
[60.173s] Copying ../../build/aicar_bringup/aicar_bringup.egg-info to /home/yusy/maedongyee/aicar_madongeeee/aicar_ws/install/aicar_bringup/lib/python3.10/site-packages/aicar_bringup-0.0.0-py3.10.egg-info
[60.174s] running install_scripts
[60.183s] writing list of installed files to '/home/yusy/maedongyee/aicar_madongeeee/aicar_ws/build/aicar_bringup/install.log'
[90.072s] Invoked command in '/home/yusy/maedongyee/aicar_madongeeee/aicar_ws/src/aicar_bringup' returned '0': AMENT_PREFIX_PATH=/home/yusy/maedongyee/aicar_madongeeee/aicar_ws/install/aicar_vision:/home/yusy/maedongyee/aicar_madongeeee/aicar_ws/install/aicar_controller:${AMENT_PREFIX_PATH} PYTHONPATH=/home/yusy/maedongyee/aicar_madongeeee/aicar_ws/build/aicar_bringup/prefix_override:/usr/lib/python3/dist-packages/colcon_core/task/python/colcon_distutils_commands:/home/yusy/maedongyee/aicar_madongeeee/aicar_ws/install/aicar_bringup/lib/python3.10/site-packages:/home/yusy/maedongyee/aicar_madongeeee/aicar_ws/install/aicar_vision/lib/python3.10/site-packages:/home/yusy/maedongyee/aicar_madongeeee/aicar_ws/install/aicar_controller/lib/python3.10/site-packages:${PYTHONPATH} /usr/bin/python3 -W ignore:setup.py install is deprecated -W ignore:easy_install command is deprecated setup.py egg_info --egg-base ../../build/aicar_bringup build --build-base /home/yusy/maedongyee/aicar_madongeeee/aicar_ws/build/aicar_bringup/build install --record /home/yusy/maedongyee/aicar_madongeeee/aicar_ws/build/aicar_bringup/install.log --single-version-externally-managed install_data
