[0.053s] DEBUG:colcon:Command line arguments: ['/usr/bin/colcon', 'build', '--packages-select', 'aicar_vision', 'aicar_controller', 'aicar_driver', 'aicar_bringup']
[0.053s] DEBUG:colcon:Parsed command line arguments: Namespace(log_base=None, log_level=None, verb_name='build', build_base='build', install_base='install', merge_install=False, symlink_install=False, test_result_base=None, continue_on_error=False, executor='parallel', parallel_workers=32, event_handlers=None, ignore_user_meta=False, metas=['./colcon.meta'], base_paths=['.'], packages_ignore=None, packages_ignore_regex=None, paths=None, packages_up_to=None, packages_up_to_regex=None, packages_above=None, packages_above_and_dependencies=None, packages_above_depth=None, packages_select_by_dep=None, packages_skip_by_dep=None, packages_skip_up_to=None, packages_select_build_failed=False, packages_skip_build_finished=False, packages_select_test_failures=False, packages_skip_test_passed=False, packages_select=['aicar_vision', 'aicar_controller', 'aicar_driver', 'aicar_bringup'], packages_skip=None, packages_select_regex=None, packages_skip_regex=None, packages_start=None, packages_end=None, allow_overriding=[], cmake_args=None, cmake_target=None, cmake_target_skip_unavailable=False, cmake_clean_cache=False, cmake_clean_first=False, cmake_force_configure=False, ament_cmake_args=None, catkin_cmake_args=None, catkin_skip_building_tests=False, mixin_files=None, mixin=None, verb_parser=<colcon_mixin.mixin.mixin_argument.MixinArgumentDecorator object at 0x732a5d080b80>, verb_extension=<colcon_core.verb.build.BuildVerb object at 0x732a5d080610>, main=<bound method BuildVerb.main of <colcon_core.verb.build.BuildVerb object at 0x732a5d080610>>, mixin_verb=('build',))
[0.136s] Level 1:colcon.colcon_core.package_discovery:discover_packages(colcon_meta) check parameters
[0.136s] Level 1:colcon.colcon_core.package_discovery:discover_packages(recursive) check parameters
[0.136s] Level 1:colcon.colcon_core.package_discovery:discover_packages(ignore) check parameters
[0.136s] Level 1:colcon.colcon_core.package_discovery:discover_packages(path) check parameters
[0.136s] Level 1:colcon.colcon_core.package_discovery:discover_packages(colcon_meta) discover
[0.136s] Level 1:colcon.colcon_core.package_discovery:discover_packages(recursive) discover
[0.136s] INFO:colcon.colcon_core.package_discovery:Crawling recursively for packages in '/home/yusy/maedongyee/aicar_madongeeee/aicar_ws'
[0.136s] Level 1:colcon.colcon_core.package_identification:_identify(.) by extensions ['ignore', 'ignore_ament_install']
[0.136s] Level 1:colcon.colcon_core.package_identification:_identify(.) by extension 'ignore'
[0.136s] Level 1:colcon.colcon_core.package_identification:_identify(.) by extension 'ignore_ament_install'
[0.136s] Level 1:colcon.colcon_core.package_identification:_identify(.) by extensions ['colcon_pkg']
[0.136s] Level 1:colcon.colcon_core.package_identification:_identify(.) by extension 'colcon_pkg'
[0.136s] Level 1:colcon.colcon_core.package_identification:_identify(.) by extensions ['colcon_meta']
[0.136s] Level 1:colcon.colcon_core.package_identification:_identify(.) by extension 'colcon_meta'
[0.136s] Level 1:colcon.colcon_core.package_identification:_identify(.) by extensions ['ros']
[0.136s] Level 1:colcon.colcon_core.package_identification:_identify(.) by extension 'ros'
[0.145s] Level 1:colcon.colcon_core.package_identification:_identify(.) by extensions ['cmake', 'python']
[0.145s] Level 1:colcon.colcon_core.package_identification:_identify(.) by extension 'cmake'
[0.145s] Level 1:colcon.colcon_core.package_identification:_identify(.) by extension 'python'
[0.145s] Level 1:colcon.colcon_core.package_identification:_identify(.) by extensions ['python_setup_py']
[0.145s] Level 1:colcon.colcon_core.package_identification:_identify(.) by extension 'python_setup_py'
[0.145s] Level 1:colcon.colcon_core.package_identification:_identify(build) by extensions ['ignore', 'ignore_ament_install']
[0.145s] Level 1:colcon.colcon_core.package_identification:_identify(build) by extension 'ignore'
[0.145s] Level 1:colcon.colcon_core.package_identification:_identify(build) ignored
[0.145s] Level 1:colcon.colcon_core.package_identification:_identify(calibration_input) by extensions ['ignore', 'ignore_ament_install']
[0.146s] Level 1:colcon.colcon_core.package_identification:_identify(calibration_input) by extension 'ignore'
[0.146s] Level 1:colcon.colcon_core.package_identification:_identify(calibration_input) by extension 'ignore_ament_install'
[0.146s] Level 1:colcon.colcon_core.package_identification:_identify(calibration_input) by extensions ['colcon_pkg']
[0.146s] Level 1:colcon.colcon_core.package_identification:_identify(calibration_input) by extension 'colcon_pkg'
[0.146s] Level 1:colcon.colcon_core.package_identification:_identify(calibration_input) by extensions ['colcon_meta']
[0.146s] Level 1:colcon.colcon_core.package_identification:_identify(calibration_input) by extension 'colcon_meta'
[0.146s] Level 1:colcon.colcon_core.package_identification:_identify(calibration_input) by extensions ['ros']
[0.146s] Level 1:colcon.colcon_core.package_identification:_identify(calibration_input) by extension 'ros'
[0.146s] Level 1:colcon.colcon_core.package_identification:_identify(calibration_input) by extensions ['cmake', 'python']
[0.146s] Level 1:colcon.colcon_core.package_identification:_identify(calibration_input) by extension 'cmake'
[0.146s] Level 1:colcon.colcon_core.package_identification:_identify(calibration_input) by extension 'python'
[0.146s] Level 1:colcon.colcon_core.package_identification:_identify(calibration_input) by extensions ['python_setup_py']
[0.146s] Level 1:colcon.colcon_core.package_identification:_identify(calibration_input) by extension 'python_setup_py'
[0.146s] Level 1:colcon.colcon_core.package_identification:_identify(install) by extensions ['ignore', 'ignore_ament_install']
[0.146s] Level 1:colcon.colcon_core.package_identification:_identify(install) by extension 'ignore'
[0.146s] Level 1:colcon.colcon_core.package_identification:_identify(install) ignored
[0.146s] Level 1:colcon.colcon_core.package_identification:_identify(log) by extensions ['ignore', 'ignore_ament_install']
[0.146s] Level 1:colcon.colcon_core.package_identification:_identify(log) by extension 'ignore'
[0.146s] Level 1:colcon.colcon_core.package_identification:_identify(log) ignored
[0.146s] Level 1:colcon.colcon_core.package_identification:_identify(src) by extensions ['ignore', 'ignore_ament_install']
[0.146s] Level 1:colcon.colcon_core.package_identification:_identify(src) by extension 'ignore'
[0.146s] Level 1:colcon.colcon_core.package_identification:_identify(src) by extension 'ignore_ament_install'
[0.146s] Level 1:colcon.colcon_core.package_identification:_identify(src) by extensions ['colcon_pkg']
[0.146s] Level 1:colcon.colcon_core.package_identification:_identify(src) by extension 'colcon_pkg'
[0.146s] Level 1:colcon.colcon_core.package_identification:_identify(src) by extensions ['colcon_meta']
[0.146s] Level 1:colcon.colcon_core.package_identification:_identify(src) by extension 'colcon_meta'
[0.146s] Level 1:colcon.colcon_core.package_identification:_identify(src) by extensions ['ros']
[0.146s] Level 1:colcon.colcon_core.package_identification:_identify(src) by extension 'ros'
[0.146s] Level 1:colcon.colcon_core.package_identification:_identify(src) by extensions ['cmake', 'python']
[0.146s] Level 1:colcon.colcon_core.package_identification:_identify(src) by extension 'cmake'
[0.146s] Level 1:colcon.colcon_core.package_identification:_identify(src) by extension 'python'
[0.146s] Level 1:colcon.colcon_core.package_identification:_identify(src) by extensions ['python_setup_py']
[0.146s] Level 1:colcon.colcon_core.package_identification:_identify(src) by extension 'python_setup_py'
[0.146s] Level 1:colcon.colcon_core.package_identification:_identify(src/aicar_bringup) by extensions ['ignore', 'ignore_ament_install']
[0.146s] Level 1:colcon.colcon_core.package_identification:_identify(src/aicar_bringup) by extension 'ignore'
[0.146s] Level 1:colcon.colcon_core.package_identification:_identify(src/aicar_bringup) by extension 'ignore_ament_install'
[0.146s] Level 1:colcon.colcon_core.package_identification:_identify(src/aicar_bringup) by extensions ['colcon_pkg']
[0.146s] Level 1:colcon.colcon_core.package_identification:_identify(src/aicar_bringup) by extension 'colcon_pkg'
[0.146s] Level 1:colcon.colcon_core.package_identification:_identify(src/aicar_bringup) by extensions ['colcon_meta']
[0.146s] Level 1:colcon.colcon_core.package_identification:_identify(src/aicar_bringup) by extension 'colcon_meta'
[0.146s] Level 1:colcon.colcon_core.package_identification:_identify(src/aicar_bringup) by extensions ['ros']
[0.146s] Level 1:colcon.colcon_core.package_identification:_identify(src/aicar_bringup) by extension 'ros'
[0.147s] DEBUG:colcon.colcon_core.package_identification:Package 'src/aicar_bringup' with type 'ros.ament_python' and name 'aicar_bringup'
[0.148s] Level 1:colcon.colcon_core.package_identification:_identify(src/aicar_controller) by extensions ['ignore', 'ignore_ament_install']
[0.148s] Level 1:colcon.colcon_core.package_identification:_identify(src/aicar_controller) by extension 'ignore'
[0.148s] Level 1:colcon.colcon_core.package_identification:_identify(src/aicar_controller) by extension 'ignore_ament_install'
[0.148s] Level 1:colcon.colcon_core.package_identification:_identify(src/aicar_controller) by extensions ['colcon_pkg']
[0.148s] Level 1:colcon.colcon_core.package_identification:_identify(src/aicar_controller) by extension 'colcon_pkg'
[0.148s] Level 1:colcon.colcon_core.package_identification:_identify(src/aicar_controller) by extensions ['colcon_meta']
[0.148s] Level 1:colcon.colcon_core.package_identification:_identify(src/aicar_controller) by extension 'colcon_meta'
[0.148s] Level 1:colcon.colcon_core.package_identification:_identify(src/aicar_controller) by extensions ['ros']
[0.148s] Level 1:colcon.colcon_core.package_identification:_identify(src/aicar_controller) by extension 'ros'
[0.148s] DEBUG:colcon.colcon_core.package_identification:Package 'src/aicar_controller' with type 'ros.ament_python' and name 'aicar_controller'
[0.148s] Level 1:colcon.colcon_core.package_identification:_identify(src/aicar_driver) by extensions ['ignore', 'ignore_ament_install']
[0.148s] Level 1:colcon.colcon_core.package_identification:_identify(src/aicar_driver) by extension 'ignore'
[0.148s] Level 1:colcon.colcon_core.package_identification:_identify(src/aicar_driver) by extension 'ignore_ament_install'
[0.148s] Level 1:colcon.colcon_core.package_identification:_identify(src/aicar_driver) by extensions ['colcon_pkg']
[0.148s] Level 1:colcon.colcon_core.package_identification:_identify(src/aicar_driver) by extension 'colcon_pkg'
[0.148s] Level 1:colcon.colcon_core.package_identification:_identify(src/aicar_driver) by extensions ['colcon_meta']
[0.148s] Level 1:colcon.colcon_core.package_identification:_identify(src/aicar_driver) by extension 'colcon_meta'
[0.148s] Level 1:colcon.colcon_core.package_identification:_identify(src/aicar_driver) by extensions ['ros']
[0.148s] Level 1:colcon.colcon_core.package_identification:_identify(src/aicar_driver) by extension 'ros'
[0.149s] DEBUG:colcon.colcon_core.package_identification:Package 'src/aicar_driver' with type 'ros.ament_python' and name 'aicar_driver'
[0.149s] Level 1:colcon.colcon_core.package_identification:_identify(src/aicar_vision) by extensions ['ignore', 'ignore_ament_install']
[0.149s] Level 1:colcon.colcon_core.package_identification:_identify(src/aicar_vision) by extension 'ignore'
[0.149s] Level 1:colcon.colcon_core.package_identification:_identify(src/aicar_vision) by extension 'ignore_ament_install'
[0.149s] Level 1:colcon.colcon_core.package_identification:_identify(src/aicar_vision) by extensions ['colcon_pkg']
[0.149s] Level 1:colcon.colcon_core.package_identification:_identify(src/aicar_vision) by extension 'colcon_pkg'
[0.149s] Level 1:colcon.colcon_core.package_identification:_identify(src/aicar_vision) by extensions ['colcon_meta']
[0.149s] Level 1:colcon.colcon_core.package_identification:_identify(src/aicar_vision) by extension 'colcon_meta'
[0.149s] Level 1:colcon.colcon_core.package_identification:_identify(src/aicar_vision) by extensions ['ros']
[0.149s] Level 1:colcon.colcon_core.package_identification:_identify(src/aicar_vision) by extension 'ros'
[0.149s] DEBUG:colcon.colcon_core.package_identification:Package 'src/aicar_vision' with type 'ros.ament_python' and name 'aicar_vision'
[0.149s] Level 1:colcon.colcon_core.package_discovery:discover_packages(recursive) using defaults
[0.149s] Level 1:colcon.colcon_core.package_discovery:discover_packages(ignore) discover
[0.149s] Level 1:colcon.colcon_core.package_discovery:discover_packages(ignore) using defaults
[0.149s] Level 1:colcon.colcon_core.package_discovery:discover_packages(path) discover
[0.149s] Level 1:colcon.colcon_core.package_discovery:discover_packages(path) using defaults
[0.159s] Level 1:colcon.colcon_core.package_discovery:discover_packages(prefix_path) check parameters
[0.159s] Level 1:colcon.colcon_core.package_discovery:discover_packages(prefix_path) discover
[0.160s] DEBUG:colcon.colcon_installed_package_information.package_discovery:Found 6 installed packages in /home/yusy/ros2_ws/install
[0.160s] DEBUG:colcon.colcon_installed_package_information.package_discovery:Found 354 installed packages in /opt/ros/humble
[0.161s] Level 1:colcon.colcon_core.package_discovery:discover_packages(prefix_path) using defaults
[0.180s] Level 5:colcon.colcon_core.verb:set package 'aicar_controller' build argument 'cmake_args' from command line to 'None'
[0.180s] Level 5:colcon.colcon_core.verb:set package 'aicar_controller' build argument 'cmake_target' from command line to 'None'
[0.180s] Level 5:colcon.colcon_core.verb:set package 'aicar_controller' build argument 'cmake_target_skip_unavailable' from command line to 'False'
[0.180s] Level 5:colcon.colcon_core.verb:set package 'aicar_controller' build argument 'cmake_clean_cache' from command line to 'False'
[0.180s] Level 5:colcon.colcon_core.verb:set package 'aicar_controller' build argument 'cmake_clean_first' from command line to 'False'
[0.180s] Level 5:colcon.colcon_core.verb:set package 'aicar_controller' build argument 'cmake_force_configure' from command line to 'False'
[0.180s] Level 5:colcon.colcon_core.verb:set package 'aicar_controller' build argument 'ament_cmake_args' from command line to 'None'
[0.180s] Level 5:colcon.colcon_core.verb:set package 'aicar_controller' build argument 'catkin_cmake_args' from command line to 'None'
[0.180s] Level 5:colcon.colcon_core.verb:set package 'aicar_controller' build argument 'catkin_skip_building_tests' from command line to 'False'
[0.180s] DEBUG:colcon.colcon_core.verb:Building package 'aicar_controller' with the following arguments: {'ament_cmake_args': None, 'build_base': '/home/yusy/maedongyee/aicar_madongeeee/aicar_ws/build/aicar_controller', 'catkin_cmake_args': None, 'catkin_skip_building_tests': False, 'cmake_args': None, 'cmake_clean_cache': False, 'cmake_clean_first': False, 'cmake_force_configure': False, 'cmake_target': None, 'cmake_target_skip_unavailable': False, 'install_base': '/home/yusy/maedongyee/aicar_madongeeee/aicar_ws/install/aicar_controller', 'merge_install': False, 'path': '/home/yusy/maedongyee/aicar_madongeeee/aicar_ws/src/aicar_controller', 'symlink_install': False, 'test_result_base': None}
[0.180s] Level 5:colcon.colcon_core.verb:set package 'aicar_driver' build argument 'cmake_args' from command line to 'None'
[0.180s] Level 5:colcon.colcon_core.verb:set package 'aicar_driver' build argument 'cmake_target' from command line to 'None'
[0.180s] Level 5:colcon.colcon_core.verb:set package 'aicar_driver' build argument 'cmake_target_skip_unavailable' from command line to 'False'
[0.180s] Level 5:colcon.colcon_core.verb:set package 'aicar_driver' build argument 'cmake_clean_cache' from command line to 'False'
[0.180s] Level 5:colcon.colcon_core.verb:set package 'aicar_driver' build argument 'cmake_clean_first' from command line to 'False'
[0.180s] Level 5:colcon.colcon_core.verb:set package 'aicar_driver' build argument 'cmake_force_configure' from command line to 'False'
[0.180s] Level 5:colcon.colcon_core.verb:set package 'aicar_driver' build argument 'ament_cmake_args' from command line to 'None'
[0.180s] Level 5:colcon.colcon_core.verb:set package 'aicar_driver' build argument 'catkin_cmake_args' from command line to 'None'
[0.180s] Level 5:colcon.colcon_core.verb:set package 'aicar_driver' build argument 'catkin_skip_building_tests' from command line to 'False'
[0.180s] DEBUG:colcon.colcon_core.verb:Building package 'aicar_driver' with the following arguments: {'ament_cmake_args': None, 'build_base': '/home/yusy/maedongyee/aicar_madongeeee/aicar_ws/build/aicar_driver', 'catkin_cmake_args': None, 'catkin_skip_building_tests': False, 'cmake_args': None, 'cmake_clean_cache': False, 'cmake_clean_first': False, 'cmake_force_configure': False, 'cmake_target': None, 'cmake_target_skip_unavailable': False, 'install_base': '/home/yusy/maedongyee/aicar_madongeeee/aicar_ws/install/aicar_driver', 'merge_install': False, 'path': '/home/yusy/maedongyee/aicar_madongeeee/aicar_ws/src/aicar_driver', 'symlink_install': False, 'test_result_base': None}
[0.180s] Level 5:colcon.colcon_core.verb:set package 'aicar_vision' build argument 'cmake_args' from command line to 'None'
[0.180s] Level 5:colcon.colcon_core.verb:set package 'aicar_vision' build argument 'cmake_target' from command line to 'None'
[0.180s] Level 5:colcon.colcon_core.verb:set package 'aicar_vision' build argument 'cmake_target_skip_unavailable' from command line to 'False'
[0.180s] Level 5:colcon.colcon_core.verb:set package 'aicar_vision' build argument 'cmake_clean_cache' from command line to 'False'
[0.180s] Level 5:colcon.colcon_core.verb:set package 'aicar_vision' build argument 'cmake_clean_first' from command line to 'False'
[0.180s] Level 5:colcon.colcon_core.verb:set package 'aicar_vision' build argument 'cmake_force_configure' from command line to 'False'
[0.180s] Level 5:colcon.colcon_core.verb:set package 'aicar_vision' build argument 'ament_cmake_args' from command line to 'None'
[0.180s] Level 5:colcon.colcon_core.verb:set package 'aicar_vision' build argument 'catkin_cmake_args' from command line to 'None'
[0.180s] Level 5:colcon.colcon_core.verb:set package 'aicar_vision' build argument 'catkin_skip_building_tests' from command line to 'False'
[0.180s] DEBUG:colcon.colcon_core.verb:Building package 'aicar_vision' with the following arguments: {'ament_cmake_args': None, 'build_base': '/home/yusy/maedongyee/aicar_madongeeee/aicar_ws/build/aicar_vision', 'catkin_cmake_args': None, 'catkin_skip_building_tests': False, 'cmake_args': None, 'cmake_clean_cache': False, 'cmake_clean_first': False, 'cmake_force_configure': False, 'cmake_target': None, 'cmake_target_skip_unavailable': False, 'install_base': '/home/yusy/maedongyee/aicar_madongeeee/aicar_ws/install/aicar_vision', 'merge_install': False, 'path': '/home/yusy/maedongyee/aicar_madongeeee/aicar_ws/src/aicar_vision', 'symlink_install': False, 'test_result_base': None}
[0.180s] Level 5:colcon.colcon_core.verb:set package 'aicar_bringup' build argument 'cmake_args' from command line to 'None'
[0.180s] Level 5:colcon.colcon_core.verb:set package 'aicar_bringup' build argument 'cmake_target' from command line to 'None'
[0.180s] Level 5:colcon.colcon_core.verb:set package 'aicar_bringup' build argument 'cmake_target_skip_unavailable' from command line to 'False'
[0.180s] Level 5:colcon.colcon_core.verb:set package 'aicar_bringup' build argument 'cmake_clean_cache' from command line to 'False'
[0.180s] Level 5:colcon.colcon_core.verb:set package 'aicar_bringup' build argument 'cmake_clean_first' from command line to 'False'
[0.180s] Level 5:colcon.colcon_core.verb:set package 'aicar_bringup' build argument 'cmake_force_configure' from command line to 'False'
[0.180s] Level 5:colcon.colcon_core.verb:set package 'aicar_bringup' build argument 'ament_cmake_args' from command line to 'None'
[0.181s] Level 5:colcon.colcon_core.verb:set package 'aicar_bringup' build argument 'catkin_cmake_args' from command line to 'None'
[0.181s] Level 5:colcon.colcon_core.verb:set package 'aicar_bringup' build argument 'catkin_skip_building_tests' from command line to 'False'
[0.181s] DEBUG:colcon.colcon_core.verb:Building package 'aicar_bringup' with the following arguments: {'ament_cmake_args': None, 'build_base': '/home/yusy/maedongyee/aicar_madongeeee/aicar_ws/build/aicar_bringup', 'catkin_cmake_args': None, 'catkin_skip_building_tests': False, 'cmake_args': None, 'cmake_clean_cache': False, 'cmake_clean_first': False, 'cmake_force_configure': False, 'cmake_target': None, 'cmake_target_skip_unavailable': False, 'install_base': '/home/yusy/maedongyee/aicar_madongeeee/aicar_ws/install/aicar_bringup', 'merge_install': False, 'path': '/home/yusy/maedongyee/aicar_madongeeee/aicar_ws/src/aicar_bringup', 'symlink_install': False, 'test_result_base': None}
[0.181s] INFO:colcon.colcon_core.executor:Executing jobs using 'parallel' executor
[0.181s] DEBUG:colcon.colcon_parallel_executor.executor.parallel:run_until_complete
[0.182s] INFO:colcon.colcon_ros.task.ament_python.build:Building ROS package in '/home/yusy/maedongyee/aicar_madongeeee/aicar_ws/src/aicar_controller' with build type 'ament_python'
[0.182s] Level 1:colcon.colcon_core.shell:create_environment_hook('aicar_controller', 'ament_prefix_path')
[0.183s] INFO:colcon.colcon_core.plugin_system:Skipping extension 'colcon_core.shell.bat': Not used on non-Windows systems
[0.183s] INFO:colcon.colcon_core.shell:Creating environment hook '/home/yusy/maedongyee/aicar_madongeeee/aicar_ws/install/aicar_controller/share/aicar_controller/hook/ament_prefix_path.ps1'
[0.183s] INFO:colcon.colcon_core.shell:Creating environment descriptor '/home/yusy/maedongyee/aicar_madongeeee/aicar_ws/install/aicar_controller/share/aicar_controller/hook/ament_prefix_path.dsv'
[0.183s] INFO:colcon.colcon_core.shell:Creating environment hook '/home/yusy/maedongyee/aicar_madongeeee/aicar_ws/install/aicar_controller/share/aicar_controller/hook/ament_prefix_path.sh'
[0.184s] INFO:colcon.colcon_core.shell:Skip shell extension 'powershell' for command environment: Not usable outside of PowerShell
[0.184s] DEBUG:colcon.colcon_core.shell:Skip shell extension 'dsv' for command environment
[0.185s] INFO:colcon.colcon_ros.task.ament_python.build:Building ROS package in '/home/yusy/maedongyee/aicar_madongeeee/aicar_ws/src/aicar_vision' with build type 'ament_python'
[0.185s] Level 1:colcon.colcon_core.shell:create_environment_hook('aicar_vision', 'ament_prefix_path')
[0.186s] INFO:colcon.colcon_core.shell:Creating environment hook '/home/yusy/maedongyee/aicar_madongeeee/aicar_ws/install/aicar_vision/share/aicar_vision/hook/ament_prefix_path.ps1'
[0.186s] INFO:colcon.colcon_core.shell:Creating environment descriptor '/home/yusy/maedongyee/aicar_madongeeee/aicar_ws/install/aicar_vision/share/aicar_vision/hook/ament_prefix_path.dsv'
[0.186s] INFO:colcon.colcon_core.shell:Creating environment hook '/home/yusy/maedongyee/aicar_madongeeee/aicar_ws/install/aicar_vision/share/aicar_vision/hook/ament_prefix_path.sh'
[0.186s] INFO:colcon.colcon_core.shell:Skip shell extension 'powershell' for command environment: Not usable outside of PowerShell
[0.186s] DEBUG:colcon.colcon_core.shell:Skip shell extension 'dsv' for command environment
[0.188s] INFO:colcon.colcon_ros.task.ament_python.build:Building ROS package in '/home/yusy/maedongyee/aicar_madongeeee/aicar_ws/src/aicar_driver' with build type 'ament_python'
[0.188s] Level 1:colcon.colcon_core.shell:create_environment_hook('aicar_driver', 'ament_prefix_path')
[0.188s] INFO:colcon.colcon_core.shell:Creating environment hook '/home/yusy/maedongyee/aicar_madongeeee/aicar_ws/install/aicar_driver/share/aicar_driver/hook/ament_prefix_path.ps1'
[0.188s] INFO:colcon.colcon_core.shell:Creating environment descriptor '/home/yusy/maedongyee/aicar_madongeeee/aicar_ws/install/aicar_driver/share/aicar_driver/hook/ament_prefix_path.dsv'
[0.188s] INFO:colcon.colcon_core.shell:Creating environment hook '/home/yusy/maedongyee/aicar_madongeeee/aicar_ws/install/aicar_driver/share/aicar_driver/hook/ament_prefix_path.sh'
[0.189s] INFO:colcon.colcon_core.shell:Skip shell extension 'powershell' for command environment: Not usable outside of PowerShell
[0.189s] DEBUG:colcon.colcon_core.shell:Skip shell extension 'dsv' for command environment
[0.317s] INFO:colcon.colcon_core.task.python.build:Building Python package in '/home/yusy/maedongyee/aicar_madongeeee/aicar_ws/src/aicar_controller'
[0.317s] INFO:colcon.colcon_core.shell:Skip shell extension 'powershell' for command environment: Not usable outside of PowerShell
[0.317s] DEBUG:colcon.colcon_core.shell:Skip shell extension 'dsv' for command environment
[0.453s] INFO:colcon.colcon_core.task.python.build:Building Python package in '/home/yusy/maedongyee/aicar_madongeeee/aicar_ws/src/aicar_vision'
[0.453s] INFO:colcon.colcon_core.shell:Skip shell extension 'powershell' for command environment: Not usable outside of PowerShell
[0.453s] DEBUG:colcon.colcon_core.shell:Skip shell extension 'dsv' for command environment
[0.585s] INFO:colcon.colcon_core.task.python.build:Building Python package in '/home/yusy/maedongyee/aicar_madongeeee/aicar_ws/src/aicar_driver'
[0.585s] INFO:colcon.colcon_core.shell:Skip shell extension 'powershell' for command environment: Not usable outside of PowerShell
[0.585s] DEBUG:colcon.colcon_core.shell:Skip shell extension 'dsv' for command environment
[0.796s] DEBUG:colcon.colcon_core.event_handler.log_command:Invoking command in '/home/yusy/maedongyee/aicar_madongeeee/aicar_ws/src/aicar_controller': PYTHONPATH=/home/yusy/maedongyee/aicar_madongeeee/aicar_ws/build/aicar_controller/prefix_override:/usr/lib/python3/dist-packages/colcon_core/task/python/colcon_distutils_commands:/home/yusy/maedongyee/aicar_madongeeee/aicar_ws/install/aicar_controller/lib/python3.10/site-packages:${PYTHONPATH} /usr/bin/python3 -W ignore:setup.py install is deprecated -W ignore:easy_install command is deprecated setup.py egg_info --egg-base ../../build/aicar_controller build --build-base /home/yusy/maedongyee/aicar_madongeeee/aicar_ws/build/aicar_controller/build install --record /home/yusy/maedongyee/aicar_madongeeee/aicar_ws/build/aicar_controller/install.log --single-version-externally-managed install_data
[0.797s] DEBUG:colcon.colcon_core.event_handler.log_command:Invoking command in '/home/yusy/maedongyee/aicar_madongeeee/aicar_ws/src/aicar_driver': PYTHONPATH=/home/yusy/maedongyee/aicar_madongeeee/aicar_ws/build/aicar_driver/prefix_override:/usr/lib/python3/dist-packages/colcon_core/task/python/colcon_distutils_commands:/home/yusy/maedongyee/aicar_madongeeee/aicar_ws/install/aicar_driver/lib/python3.10/site-packages:${PYTHONPATH} /usr/bin/python3 -W ignore:setup.py install is deprecated -W ignore:easy_install command is deprecated setup.py egg_info --egg-base ../../build/aicar_driver build --build-base /home/yusy/maedongyee/aicar_madongeeee/aicar_ws/build/aicar_driver/build install --record /home/yusy/maedongyee/aicar_madongeeee/aicar_ws/build/aicar_driver/install.log --single-version-externally-managed install_data
[0.798s] DEBUG:colcon.colcon_core.event_handler.log_command:Invoking command in '/home/yusy/maedongyee/aicar_madongeeee/aicar_ws/src/aicar_vision': PYTHONPATH=/home/yusy/maedongyee/aicar_madongeeee/aicar_ws/build/aicar_vision/prefix_override:/usr/lib/python3/dist-packages/colcon_core/task/python/colcon_distutils_commands:/home/yusy/maedongyee/aicar_madongeeee/aicar_ws/install/aicar_vision/lib/python3.10/site-packages:${PYTHONPATH} /usr/bin/python3 -W ignore:setup.py install is deprecated -W ignore:easy_install command is deprecated setup.py egg_info --egg-base ../../build/aicar_vision build --build-base /home/yusy/maedongyee/aicar_madongeeee/aicar_ws/build/aicar_vision/build install --record /home/yusy/maedongyee/aicar_madongeeee/aicar_ws/build/aicar_vision/install.log --single-version-externally-managed install_data
[0.958s] DEBUG:colcon.colcon_core.event_handler.log_command:Invoked command in '/home/yusy/maedongyee/aicar_madongeeee/aicar_ws/src/aicar_controller' returned '0': PYTHONPATH=/home/yusy/maedongyee/aicar_madongeeee/aicar_ws/build/aicar_controller/prefix_override:/usr/lib/python3/dist-packages/colcon_core/task/python/colcon_distutils_commands:/home/yusy/maedongyee/aicar_madongeeee/aicar_ws/install/aicar_controller/lib/python3.10/site-packages:${PYTHONPATH} /usr/bin/python3 -W ignore:setup.py install is deprecated -W ignore:easy_install command is deprecated setup.py egg_info --egg-base ../../build/aicar_controller build --build-base /home/yusy/maedongyee/aicar_madongeeee/aicar_ws/build/aicar_controller/build install --record /home/yusy/maedongyee/aicar_madongeeee/aicar_ws/build/aicar_controller/install.log --single-version-externally-managed install_data
[0.961s] Level 1:colcon.colcon_core.environment:checking '/home/yusy/maedongyee/aicar_madongeeee/aicar_ws/install/aicar_controller' for CMake module files
[0.961s] Level 1:colcon.colcon_core.environment:checking '/home/yusy/maedongyee/aicar_madongeeee/aicar_ws/install/aicar_controller' for CMake config files
[0.961s] Level 1:colcon.colcon_core.environment:checking '/home/yusy/maedongyee/aicar_madongeeee/aicar_ws/install/aicar_controller/lib'
[0.961s] Level 1:colcon.colcon_core.environment:checking '/home/yusy/maedongyee/aicar_madongeeee/aicar_ws/install/aicar_controller/bin'
[0.961s] Level 1:colcon.colcon_core.environment:checking '/home/yusy/maedongyee/aicar_madongeeee/aicar_ws/install/aicar_controller/lib/pkgconfig/aicar_controller.pc'
[0.961s] Level 1:colcon.colcon_core.environment:checking '/home/yusy/maedongyee/aicar_madongeeee/aicar_ws/install/aicar_controller/lib/python3.10/site-packages'
[0.961s] Level 1:colcon.colcon_core.shell:create_environment_hook('aicar_controller', 'pythonpath')
[0.961s] INFO:colcon.colcon_core.shell:Creating environment hook '/home/yusy/maedongyee/aicar_madongeeee/aicar_ws/install/aicar_controller/share/aicar_controller/hook/pythonpath.ps1'
[0.962s] INFO:colcon.colcon_core.shell:Creating environment descriptor '/home/yusy/maedongyee/aicar_madongeeee/aicar_ws/install/aicar_controller/share/aicar_controller/hook/pythonpath.dsv'
[0.962s] INFO:colcon.colcon_core.shell:Creating environment hook '/home/yusy/maedongyee/aicar_madongeeee/aicar_ws/install/aicar_controller/share/aicar_controller/hook/pythonpath.sh'
[0.962s] Level 1:colcon.colcon_core.environment:checking '/home/yusy/maedongyee/aicar_madongeeee/aicar_ws/install/aicar_controller/bin'
[0.962s] Level 1:colcon.colcon_core.environment:create_environment_scripts_only(aicar_controller)
[0.962s] INFO:colcon.colcon_core.shell:Creating package script '/home/yusy/maedongyee/aicar_madongeeee/aicar_ws/install/aicar_controller/share/aicar_controller/package.ps1'
[0.963s] INFO:colcon.colcon_core.shell:Creating package descriptor '/home/yusy/maedongyee/aicar_madongeeee/aicar_ws/install/aicar_controller/share/aicar_controller/package.dsv'
[0.963s] INFO:colcon.colcon_core.shell:Creating package script '/home/yusy/maedongyee/aicar_madongeeee/aicar_ws/install/aicar_controller/share/aicar_controller/package.sh'
[0.964s] INFO:colcon.colcon_core.shell:Creating package script '/home/yusy/maedongyee/aicar_madongeeee/aicar_ws/install/aicar_controller/share/aicar_controller/package.bash'
[0.964s] INFO:colcon.colcon_core.shell:Creating package script '/home/yusy/maedongyee/aicar_madongeeee/aicar_ws/install/aicar_controller/share/aicar_controller/package.zsh'
[0.964s] Level 1:colcon.colcon_core.environment:create_file_with_runtime_dependencies(/home/yusy/maedongyee/aicar_madongeeee/aicar_ws/install/aicar_controller/share/colcon-core/packages/aicar_controller)
[0.965s] Level 1:colcon.colcon_core.environment:checking '/home/yusy/maedongyee/aicar_madongeeee/aicar_ws/install/aicar_driver' for CMake module files
[0.965s] Level 1:colcon.colcon_core.environment:checking '/home/yusy/maedongyee/aicar_madongeeee/aicar_ws/install/aicar_driver' for CMake config files
[0.966s] Level 1:colcon.colcon_core.environment:checking '/home/yusy/maedongyee/aicar_madongeeee/aicar_ws/install/aicar_driver/lib'
[0.966s] Level 1:colcon.colcon_core.environment:checking '/home/yusy/maedongyee/aicar_madongeeee/aicar_ws/install/aicar_driver/bin'
[0.966s] Level 1:colcon.colcon_core.environment:checking '/home/yusy/maedongyee/aicar_madongeeee/aicar_ws/install/aicar_driver/lib/pkgconfig/aicar_driver.pc'
[0.966s] Level 1:colcon.colcon_core.environment:checking '/home/yusy/maedongyee/aicar_madongeeee/aicar_ws/install/aicar_driver/lib/python3.10/site-packages'
[0.966s] Level 1:colcon.colcon_core.shell:create_environment_hook('aicar_driver', 'pythonpath')
[0.966s] INFO:colcon.colcon_core.shell:Creating environment hook '/home/yusy/maedongyee/aicar_madongeeee/aicar_ws/install/aicar_driver/share/aicar_driver/hook/pythonpath.ps1'
[0.966s] DEBUG:colcon.colcon_core.event_handler.log_command:Invoked command in '/home/yusy/maedongyee/aicar_madongeeee/aicar_ws/src/aicar_driver' returned '0': PYTHONPATH=/home/yusy/maedongyee/aicar_madongeeee/aicar_ws/build/aicar_driver/prefix_override:/usr/lib/python3/dist-packages/colcon_core/task/python/colcon_distutils_commands:/home/yusy/maedongyee/aicar_madongeeee/aicar_ws/install/aicar_driver/lib/python3.10/site-packages:${PYTHONPATH} /usr/bin/python3 -W ignore:setup.py install is deprecated -W ignore:easy_install command is deprecated setup.py egg_info --egg-base ../../build/aicar_driver build --build-base /home/yusy/maedongyee/aicar_madongeeee/aicar_ws/build/aicar_driver/build install --record /home/yusy/maedongyee/aicar_madongeeee/aicar_ws/build/aicar_driver/install.log --single-version-externally-managed install_data
[0.966s] INFO:colcon.colcon_core.shell:Creating environment descriptor '/home/yusy/maedongyee/aicar_madongeeee/aicar_ws/install/aicar_driver/share/aicar_driver/hook/pythonpath.dsv'
[0.967s] INFO:colcon.colcon_core.shell:Creating environment hook '/home/yusy/maedongyee/aicar_madongeeee/aicar_ws/install/aicar_driver/share/aicar_driver/hook/pythonpath.sh'
[0.967s] Level 1:colcon.colcon_core.environment:checking '/home/yusy/maedongyee/aicar_madongeeee/aicar_ws/install/aicar_driver/bin'
[0.967s] Level 1:colcon.colcon_core.environment:create_environment_scripts_only(aicar_driver)
[0.967s] INFO:colcon.colcon_core.shell:Creating package script '/home/yusy/maedongyee/aicar_madongeeee/aicar_ws/install/aicar_driver/share/aicar_driver/package.ps1'
[0.967s] INFO:colcon.colcon_core.shell:Creating package descriptor '/home/yusy/maedongyee/aicar_madongeeee/aicar_ws/install/aicar_driver/share/aicar_driver/package.dsv'
[0.967s] INFO:colcon.colcon_core.shell:Creating package script '/home/yusy/maedongyee/aicar_madongeeee/aicar_ws/install/aicar_driver/share/aicar_driver/package.sh'
[0.968s] INFO:colcon.colcon_core.shell:Creating package script '/home/yusy/maedongyee/aicar_madongeeee/aicar_ws/install/aicar_driver/share/aicar_driver/package.bash'
[0.968s] INFO:colcon.colcon_core.shell:Creating package script '/home/yusy/maedongyee/aicar_madongeeee/aicar_ws/install/aicar_driver/share/aicar_driver/package.zsh'
[0.968s] Level 1:colcon.colcon_core.environment:create_file_with_runtime_dependencies(/home/yusy/maedongyee/aicar_madongeeee/aicar_ws/install/aicar_driver/share/colcon-core/packages/aicar_driver)
[0.968s] Level 1:colcon.colcon_core.environment:checking '/home/yusy/maedongyee/aicar_madongeeee/aicar_ws/install/aicar_vision' for CMake module files
[0.968s] Level 1:colcon.colcon_core.environment:checking '/home/yusy/maedongyee/aicar_madongeeee/aicar_ws/install/aicar_vision' for CMake config files
[0.969s] DEBUG:colcon.colcon_core.event_handler.log_command:Invoked command in '/home/yusy/maedongyee/aicar_madongeeee/aicar_ws/src/aicar_vision' returned '0': PYTHONPATH=/home/yusy/maedongyee/aicar_madongeeee/aicar_ws/build/aicar_vision/prefix_override:/usr/lib/python3/dist-packages/colcon_core/task/python/colcon_distutils_commands:/home/yusy/maedongyee/aicar_madongeeee/aicar_ws/install/aicar_vision/lib/python3.10/site-packages:${PYTHONPATH} /usr/bin/python3 -W ignore:setup.py install is deprecated -W ignore:easy_install command is deprecated setup.py egg_info --egg-base ../../build/aicar_vision build --build-base /home/yusy/maedongyee/aicar_madongeeee/aicar_ws/build/aicar_vision/build install --record /home/yusy/maedongyee/aicar_madongeeee/aicar_ws/build/aicar_vision/install.log --single-version-externally-managed install_data
[0.969s] Level 1:colcon.colcon_core.environment:checking '/home/yusy/maedongyee/aicar_madongeeee/aicar_ws/install/aicar_vision/lib'
[0.969s] Level 1:colcon.colcon_core.environment:checking '/home/yusy/maedongyee/aicar_madongeeee/aicar_ws/install/aicar_vision/bin'
[0.969s] Level 1:colcon.colcon_core.environment:checking '/home/yusy/maedongyee/aicar_madongeeee/aicar_ws/install/aicar_vision/lib/pkgconfig/aicar_vision.pc'
[0.969s] Level 1:colcon.colcon_core.environment:checking '/home/yusy/maedongyee/aicar_madongeeee/aicar_ws/install/aicar_vision/lib/python3.10/site-packages'
[0.969s] Level 1:colcon.colcon_core.shell:create_environment_hook('aicar_vision', 'pythonpath')
[0.969s] INFO:colcon.colcon_core.shell:Creating environment hook '/home/yusy/maedongyee/aicar_madongeeee/aicar_ws/install/aicar_vision/share/aicar_vision/hook/pythonpath.ps1'
[0.969s] INFO:colcon.colcon_core.shell:Creating environment descriptor '/home/yusy/maedongyee/aicar_madongeeee/aicar_ws/install/aicar_vision/share/aicar_vision/hook/pythonpath.dsv'
[0.970s] INFO:colcon.colcon_core.shell:Creating environment hook '/home/yusy/maedongyee/aicar_madongeeee/aicar_ws/install/aicar_vision/share/aicar_vision/hook/pythonpath.sh'
[0.970s] Level 1:colcon.colcon_core.environment:checking '/home/yusy/maedongyee/aicar_madongeeee/aicar_ws/install/aicar_vision/bin'
[0.970s] Level 1:colcon.colcon_core.environment:create_environment_scripts_only(aicar_vision)
[0.970s] INFO:colcon.colcon_core.shell:Creating package script '/home/yusy/maedongyee/aicar_madongeeee/aicar_ws/install/aicar_vision/share/aicar_vision/package.ps1'
[0.970s] INFO:colcon.colcon_core.shell:Creating package descriptor '/home/yusy/maedongyee/aicar_madongeeee/aicar_ws/install/aicar_vision/share/aicar_vision/package.dsv'
[0.970s] INFO:colcon.colcon_core.shell:Creating package script '/home/yusy/maedongyee/aicar_madongeeee/aicar_ws/install/aicar_vision/share/aicar_vision/package.sh'
[0.971s] INFO:colcon.colcon_core.shell:Creating package script '/home/yusy/maedongyee/aicar_madongeeee/aicar_ws/install/aicar_vision/share/aicar_vision/package.bash'
[0.971s] INFO:colcon.colcon_core.shell:Creating package script '/home/yusy/maedongyee/aicar_madongeeee/aicar_ws/install/aicar_vision/share/aicar_vision/package.zsh'
[0.971s] Level 1:colcon.colcon_core.environment:create_file_with_runtime_dependencies(/home/yusy/maedongyee/aicar_madongeeee/aicar_ws/install/aicar_vision/share/colcon-core/packages/aicar_vision)
[0.971s] INFO:colcon.colcon_ros.task.ament_python.build:Building ROS package in '/home/yusy/maedongyee/aicar_madongeeee/aicar_ws/src/aicar_bringup' with build type 'ament_python'
[0.971s] Level 1:colcon.colcon_core.shell:create_environment_hook('aicar_bringup', 'ament_prefix_path')
[0.971s] INFO:colcon.colcon_core.shell:Creating environment hook '/home/yusy/maedongyee/aicar_madongeeee/aicar_ws/install/aicar_bringup/share/aicar_bringup/hook/ament_prefix_path.ps1'
[0.972s] INFO:colcon.colcon_core.shell:Creating environment descriptor '/home/yusy/maedongyee/aicar_madongeeee/aicar_ws/install/aicar_bringup/share/aicar_bringup/hook/ament_prefix_path.dsv'
[0.972s] INFO:colcon.colcon_core.shell:Creating environment hook '/home/yusy/maedongyee/aicar_madongeeee/aicar_ws/install/aicar_bringup/share/aicar_bringup/hook/ament_prefix_path.sh'
[0.972s] INFO:colcon.colcon_core.shell:Skip shell extension 'powershell' for command environment: Not usable outside of PowerShell
[0.972s] DEBUG:colcon.colcon_core.shell:Skip shell extension 'dsv' for command environment
[31.140s] INFO:colcon.colcon_core.task.python.build:Building Python package in '/home/yusy/maedongyee/aicar_madongeeee/aicar_ws/src/aicar_bringup'
[31.141s] INFO:colcon.colcon_core.shell:Skip shell extension 'powershell' for command environment: Not usable outside of PowerShell
[31.141s] DEBUG:colcon.colcon_core.shell:Skip shell extension 'dsv' for command environment
[61.018s] DEBUG:colcon.colcon_core.event_handler.log_command:Invoking command in '/home/yusy/maedongyee/aicar_madongeeee/aicar_ws/src/aicar_bringup': AMENT_PREFIX_PATH=/home/yusy/maedongyee/aicar_madongeeee/aicar_ws/install/aicar_vision:/home/yusy/maedongyee/aicar_madongeeee/aicar_ws/install/aicar_controller:${AMENT_PREFIX_PATH} PYTHONPATH=/home/yusy/maedongyee/aicar_madongeeee/aicar_ws/build/aicar_bringup/prefix_override:/usr/lib/python3/dist-packages/colcon_core/task/python/colcon_distutils_commands:/home/yusy/maedongyee/aicar_madongeeee/aicar_ws/install/aicar_bringup/lib/python3.10/site-packages:/home/yusy/maedongyee/aicar_madongeeee/aicar_ws/install/aicar_vision/lib/python3.10/site-packages:/home/yusy/maedongyee/aicar_madongeeee/aicar_ws/install/aicar_controller/lib/python3.10/site-packages:${PYTHONPATH} /usr/bin/python3 -W ignore:setup.py install is deprecated -W ignore:easy_install command is deprecated setup.py egg_info --egg-base ../../build/aicar_bringup build --build-base /home/yusy/maedongyee/aicar_madongeeee/aicar_ws/build/aicar_bringup/build install --record /home/yusy/maedongyee/aicar_madongeeee/aicar_ws/build/aicar_bringup/install.log --single-version-externally-managed install_data
[91.042s] Level 1:colcon.colcon_core.environment:checking '/home/yusy/maedongyee/aicar_madongeeee/aicar_ws/install/aicar_bringup' for CMake module files
[91.044s] DEBUG:colcon.colcon_core.event_handler.log_command:Invoked command in '/home/yusy/maedongyee/aicar_madongeeee/aicar_ws/src/aicar_bringup' returned '0': AMENT_PREFIX_PATH=/home/yusy/maedongyee/aicar_madongeeee/aicar_ws/install/aicar_vision:/home/yusy/maedongyee/aicar_madongeeee/aicar_ws/install/aicar_controller:${AMENT_PREFIX_PATH} PYTHONPATH=/home/yusy/maedongyee/aicar_madongeeee/aicar_ws/build/aicar_bringup/prefix_override:/usr/lib/python3/dist-packages/colcon_core/task/python/colcon_distutils_commands:/home/yusy/maedongyee/aicar_madongeeee/aicar_ws/install/aicar_bringup/lib/python3.10/site-packages:/home/yusy/maedongyee/aicar_madongeeee/aicar_ws/install/aicar_vision/lib/python3.10/site-packages:/home/yusy/maedongyee/aicar_madongeeee/aicar_ws/install/aicar_controller/lib/python3.10/site-packages:${PYTHONPATH} /usr/bin/python3 -W ignore:setup.py install is deprecated -W ignore:easy_install command is deprecated setup.py egg_info --egg-base ../../build/aicar_bringup build --build-base /home/yusy/maedongyee/aicar_madongeeee/aicar_ws/build/aicar_bringup/build install --record /home/yusy/maedongyee/aicar_madongeeee/aicar_ws/build/aicar_bringup/install.log --single-version-externally-managed install_data
[91.045s] Level 1:colcon.colcon_core.environment:checking '/home/yusy/maedongyee/aicar_madongeeee/aicar_ws/install/aicar_bringup' for CMake config files
[91.046s] Level 1:colcon.colcon_core.environment:checking '/home/yusy/maedongyee/aicar_madongeeee/aicar_ws/install/aicar_bringup/lib'
[91.046s] Level 1:colcon.colcon_core.environment:checking '/home/yusy/maedongyee/aicar_madongeeee/aicar_ws/install/aicar_bringup/bin'
[91.046s] Level 1:colcon.colcon_core.environment:checking '/home/yusy/maedongyee/aicar_madongeeee/aicar_ws/install/aicar_bringup/lib/pkgconfig/aicar_bringup.pc'
[91.047s] Level 1:colcon.colcon_core.environment:checking '/home/yusy/maedongyee/aicar_madongeeee/aicar_ws/install/aicar_bringup/lib/python3.10/site-packages'
[91.047s] Level 1:colcon.colcon_core.shell:create_environment_hook('aicar_bringup', 'pythonpath')
[91.048s] INFO:colcon.colcon_core.shell:Creating environment hook '/home/yusy/maedongyee/aicar_madongeeee/aicar_ws/install/aicar_bringup/share/aicar_bringup/hook/pythonpath.ps1'
[91.049s] INFO:colcon.colcon_core.shell:Creating environment descriptor '/home/yusy/maedongyee/aicar_madongeeee/aicar_ws/install/aicar_bringup/share/aicar_bringup/hook/pythonpath.dsv'
[91.050s] INFO:colcon.colcon_core.shell:Creating environment hook '/home/yusy/maedongyee/aicar_madongeeee/aicar_ws/install/aicar_bringup/share/aicar_bringup/hook/pythonpath.sh'
[91.052s] Level 1:colcon.colcon_core.environment:checking '/home/yusy/maedongyee/aicar_madongeeee/aicar_ws/install/aicar_bringup/bin'
[91.052s] Level 1:colcon.colcon_core.environment:create_environment_scripts_only(aicar_bringup)
[91.053s] INFO:colcon.colcon_core.shell:Creating package script '/home/yusy/maedongyee/aicar_madongeeee/aicar_ws/install/aicar_bringup/share/aicar_bringup/package.ps1'
[91.054s] INFO:colcon.colcon_core.shell:Creating package descriptor '/home/yusy/maedongyee/aicar_madongeeee/aicar_ws/install/aicar_bringup/share/aicar_bringup/package.dsv'
[91.055s] INFO:colcon.colcon_core.shell:Creating package script '/home/yusy/maedongyee/aicar_madongeeee/aicar_ws/install/aicar_bringup/share/aicar_bringup/package.sh'
[91.056s] INFO:colcon.colcon_core.shell:Creating package script '/home/yusy/maedongyee/aicar_madongeeee/aicar_ws/install/aicar_bringup/share/aicar_bringup/package.bash'
[91.057s] INFO:colcon.colcon_core.shell:Creating package script '/home/yusy/maedongyee/aicar_madongeeee/aicar_ws/install/aicar_bringup/share/aicar_bringup/package.zsh'
[91.057s] Level 1:colcon.colcon_core.environment:create_file_with_runtime_dependencies(/home/yusy/maedongyee/aicar_madongeeee/aicar_ws/install/aicar_bringup/share/colcon-core/packages/aicar_bringup)
[91.058s] DEBUG:colcon.colcon_parallel_executor.executor.parallel:closing loop
[91.059s] DEBUG:colcon.colcon_parallel_executor.executor.parallel:loop closed
[91.059s] DEBUG:colcon.colcon_parallel_executor.executor.parallel:run_until_complete finished with '0'
[91.059s] DEBUG:colcon.colcon_core.event_reactor:joining thread
[91.070s] INFO:colcon.colcon_core.plugin_system:Skipping extension 'colcon_notification.desktop_notification.terminal_notifier': Not used on non-Darwin systems
[91.071s] INFO:colcon.colcon_core.plugin_system:Skipping extension 'colcon_notification.desktop_notification.win32': Not used on non-Windows systems
[91.071s] INFO:colcon.colcon_notification.desktop_notification:Sending desktop notification using 'notify2'
[91.071s] DEBUG:colcon.colcon_notification.desktop_notification.notify2:Failed to initialize notify2: org.freedesktop.DBus.Error.AccessDenied: Failed to connect to socket /run/user/1000/bus: Operation not permitted
[91.071s] DEBUG:colcon.colcon_core.event_reactor:joined thread
[91.071s] INFO:colcon.colcon_core.shell:Creating prefix script '/home/yusy/maedongyee/aicar_madongeeee/aicar_ws/install/local_setup.ps1'
[91.072s] INFO:colcon.colcon_core.shell:Creating prefix util module '/home/yusy/maedongyee/aicar_madongeeee/aicar_ws/install/_local_setup_util_ps1.py'
[91.073s] INFO:colcon.colcon_core.shell:Creating prefix chain script '/home/yusy/maedongyee/aicar_madongeeee/aicar_ws/install/setup.ps1'
[91.075s] INFO:colcon.colcon_core.shell:Creating prefix script '/home/yusy/maedongyee/aicar_madongeeee/aicar_ws/install/local_setup.sh'
[91.075s] INFO:colcon.colcon_core.shell:Creating prefix util module '/home/yusy/maedongyee/aicar_madongeeee/aicar_ws/install/_local_setup_util_sh.py'
[91.076s] INFO:colcon.colcon_core.shell:Creating prefix chain script '/home/yusy/maedongyee/aicar_madongeeee/aicar_ws/install/setup.sh'
[91.078s] INFO:colcon.colcon_core.shell:Creating prefix script '/home/yusy/maedongyee/aicar_madongeeee/aicar_ws/install/local_setup.bash'
[91.078s] INFO:colcon.colcon_core.shell:Creating prefix chain script '/home/yusy/maedongyee/aicar_madongeeee/aicar_ws/install/setup.bash'
[91.080s] INFO:colcon.colcon_core.shell:Creating prefix script '/home/yusy/maedongyee/aicar_madongeeee/aicar_ws/install/local_setup.zsh'
[91.081s] INFO:colcon.colcon_core.shell:Creating prefix chain script '/home/yusy/maedongyee/aicar_madongeeee/aicar_ws/install/setup.zsh'
