running egg_info
creating ../../build/aicar_driver/aicar_driver.egg-info
writing ../../build/aicar_driver/aicar_driver.egg-info/PKG-INFO
writing dependency_links to ../../build/aicar_driver/aicar_driver.egg-info/dependency_links.txt
writing entry points to ../../build/aicar_driver/aicar_driver.egg-info/entry_points.txt
writing requirements to ../../build/aicar_driver/aicar_driver.egg-info/requires.txt
writing top-level names to ../../build/aicar_driver/aicar_driver.egg-info/top_level.txt
writing manifest file '../../build/aicar_driver/aicar_driver.egg-info/SOURCES.txt'
reading manifest file '../../build/aicar_driver/aicar_driver.egg-info/SOURCES.txt'
writing manifest file '../../build/aicar_driver/aicar_driver.egg-info/SOURCES.txt'
running build
running build_py
creating /home/yusy/maedongyee/aicar_madongeeee/aicar_ws/build/aicar_driver/build
creating /home/yusy/maedongyee/aicar_madongeeee/aicar_ws/build/aicar_driver/build/lib
creating /home/yusy/maedongyee/aicar_madongeeee/aicar_ws/build/aicar_driver/build/lib/aicar_driver
copying aicar_driver/motor_controller_node.py -> /home/yusy/maedongyee/aicar_madongeeee/aicar_ws/build/aicar_driver/build/lib/aicar_driver
copying aicar_driver/drive_direction_display_node.py -> /home/yusy/maedongyee/aicar_madongeeee/aicar_ws/build/aicar_driver/build/lib/aicar_driver
copying aicar_driver/differential_drive_node.py -> /home/yusy/maedongyee/aicar_madongeeee/aicar_ws/build/aicar_driver/build/lib/aicar_driver
copying aicar_driver/__init__.py -> /home/yusy/maedongyee/aicar_madongeeee/aicar_ws/build/aicar_driver/build/lib/aicar_driver
running install
running install_lib
creating /home/yusy/maedongyee/aicar_madongeeee/aicar_ws/install/aicar_driver/lib/python3.10/site-packages/aicar_driver
copying /home/yusy/maedongyee/aicar_madongeeee/aicar_ws/build/aicar_driver/build/lib/aicar_driver/motor_controller_node.py -> /home/yusy/maedongyee/aicar_madongeeee/aicar_ws/install/aicar_driver/lib/python3.10/site-packages/aicar_driver
copying /home/yusy/maedongyee/aicar_madongeeee/aicar_ws/build/aicar_driver/build/lib/aicar_driver/drive_direction_display_node.py -> /home/yusy/maedongyee/aicar_madongeeee/aicar_ws/install/aicar_driver/lib/python3.10/site-packages/aicar_driver
copying /home/yusy/maedongyee/aicar_madongeeee/aicar_ws/build/aicar_driver/build/lib/aicar_driver/differential_drive_node.py -> /home/yusy/maedongyee/aicar_madongeeee/aicar_ws/install/aicar_driver/lib/python3.10/site-packages/aicar_driver
copying /home/yusy/maedongyee/aicar_madongeeee/aicar_ws/build/aicar_driver/build/lib/aicar_driver/__init__.py -> /home/yusy/maedongyee/aicar_madongeeee/aicar_ws/install/aicar_driver/lib/python3.10/site-packages/aicar_driver
byte-compiling /home/yusy/maedongyee/aicar_madongeeee/aicar_ws/install/aicar_driver/lib/python3.10/site-packages/aicar_driver/motor_controller_node.py to motor_controller_node.cpython-310.pyc
byte-compiling /home/yusy/maedongyee/aicar_madongeeee/aicar_ws/install/aicar_driver/lib/python3.10/site-packages/aicar_driver/drive_direction_display_node.py to drive_direction_display_node.cpython-310.pyc
byte-compiling /home/yusy/maedongyee/aicar_madongeeee/aicar_ws/install/aicar_driver/lib/python3.10/site-packages/aicar_driver/differential_drive_node.py to differential_drive_node.cpython-310.pyc
byte-compiling /home/yusy/maedongyee/aicar_madongeeee/aicar_ws/install/aicar_driver/lib/python3.10/site-packages/aicar_driver/__init__.py to __init__.cpython-310.pyc
running install_data
creating /home/yusy/maedongyee/aicar_madongeeee/aicar_ws/install/aicar_driver/share/ament_index
creating /home/yusy/maedongyee/aicar_madongeeee/aicar_ws/install/aicar_driver/share/ament_index/resource_index
creating /home/yusy/maedongyee/aicar_madongeeee/aicar_ws/install/aicar_driver/share/ament_index/resource_index/packages
copying resource/aicar_driver -> /home/yusy/maedongyee/aicar_madongeeee/aicar_ws/install/aicar_driver/share/ament_index/resource_index/packages
copying package.xml -> /home/yusy/maedongyee/aicar_madongeeee/aicar_ws/install/aicar_driver/share/aicar_driver
running install_egg_info
Copying ../../build/aicar_driver/aicar_driver.egg-info to /home/yusy/maedongyee/aicar_madongeeee/aicar_ws/install/aicar_driver/lib/python3.10/site-packages/aicar_driver-0.0.0-py3.10.egg-info
running install_scripts
Installing differential_drive_node script to /home/yusy/maedongyee/aicar_madongeeee/aicar_ws/install/aicar_driver/lib/aicar_driver
Installing drive_direction_display_node script to /home/yusy/maedongyee/aicar_madongeeee/aicar_ws/install/aicar_driver/lib/aicar_driver
Installing motor_controller_node script to /home/yusy/maedongyee/aicar_madongeeee/aicar_ws/install/aicar_driver/lib/aicar_driver
writing list of installed files to '/home/yusy/maedongyee/aicar_madongeeee/aicar_ws/build/aicar_driver/install.log'
