[0.609s] Invoking command in '/home/yusy/maedongyee/aicar_madongeeee/aicar_ws/src/aicar_driver': PYTHONPATH=/home/yusy/maedongyee/aicar_madongeeee/aicar_ws/build/aicar_driver/prefix_override:/usr/lib/python3/dist-packages/colcon_core/task/python/colcon_distutils_commands:/home/yusy/maedongyee/aicar_madongeeee/aicar_ws/install/aicar_driver/lib/python3.10/site-packages:${PYTHONPATH} /usr/bin/python3 -W ignore:setup.py install is deprecated -W ignore:easy_install command is deprecated setup.py egg_info --egg-base ../../build/aicar_driver build --build-base /home/yusy/maedongyee/aicar_madongeeee/aicar_ws/build/aicar_driver/build install --record /home/yusy/maedongyee/aicar_madongeeee/aicar_ws/build/aicar_driver/install.log --single-version-externally-managed install_data
[0.741s] running egg_info
[0.741s] creating ../../build/aicar_driver/aicar_driver.egg-info
[0.741s] writing ../../build/aicar_driver/aicar_driver.egg-info/PKG-INFO
[0.741s] writing dependency_links to ../../build/aicar_driver/aicar_driver.egg-info/dependency_links.txt
[0.741s] writing entry points to ../../build/aicar_driver/aicar_driver.egg-info/entry_points.txt
[0.741s] writing requirements to ../../build/aicar_driver/aicar_driver.egg-info/requires.txt
[0.741s] writing top-level names to ../../build/aicar_driver/aicar_driver.egg-info/top_level.txt
[0.741s] writing manifest file '../../build/aicar_driver/aicar_driver.egg-info/SOURCES.txt'
[0.742s] reading manifest file '../../build/aicar_driver/aicar_driver.egg-info/SOURCES.txt'
[0.743s] writing manifest file '../../build/aicar_driver/aicar_driver.egg-info/SOURCES.txt'
[0.743s] running build
[0.743s] running build_py
[0.743s] creating /home/yusy/maedongyee/aicar_madongeeee/aicar_ws/build/aicar_driver/build
[0.743s] creating /home/yusy/maedongyee/aicar_madongeeee/aicar_ws/build/aicar_driver/build/lib
[0.743s] creating /home/yusy/maedongyee/aicar_madongeeee/aicar_ws/build/aicar_driver/build/lib/aicar_driver
[0.743s] copying aicar_driver/motor_controller_node.py -> /home/yusy/maedongyee/aicar_madongeeee/aicar_ws/build/aicar_driver/build/lib/aicar_driver
[0.743s] copying aicar_driver/drive_direction_display_node.py -> /home/yusy/maedongyee/aicar_madongeeee/aicar_ws/build/aicar_driver/build/lib/aicar_driver
[0.743s] copying aicar_driver/differential_drive_node.py -> /home/yusy/maedongyee/aicar_madongeeee/aicar_ws/build/aicar_driver/build/lib/aicar_driver
[0.743s] copying aicar_driver/__init__.py -> /home/yusy/maedongyee/aicar_madongeeee/aicar_ws/build/aicar_driver/build/lib/aicar_driver
[0.743s] running install
[0.743s] running install_lib
[0.743s] creating /home/yusy/maedongyee/aicar_madongeeee/aicar_ws/install/aicar_driver/lib/python3.10/site-packages/aicar_driver
[0.743s] copying /home/yusy/maedongyee/aicar_madongeeee/aicar_ws/build/aicar_driver/build/lib/aicar_driver/motor_controller_node.py -> /home/yusy/maedongyee/aicar_madongeeee/aicar_ws/install/aicar_driver/lib/python3.10/site-packages/aicar_driver
[0.744s] copying /home/yusy/maedongyee/aicar_madongeeee/aicar_ws/build/aicar_driver/build/lib/aicar_driver/drive_direction_display_node.py -> /home/yusy/maedongyee/aicar_madongeeee/aicar_ws/install/aicar_driver/lib/python3.10/site-packages/aicar_driver
[0.744s] copying /home/yusy/maedongyee/aicar_madongeeee/aicar_ws/build/aicar_driver/build/lib/aicar_driver/differential_drive_node.py -> /home/yusy/maedongyee/aicar_madongeeee/aicar_ws/install/aicar_driver/lib/python3.10/site-packages/aicar_driver
[0.744s] copying /home/yusy/maedongyee/aicar_madongeeee/aicar_ws/build/aicar_driver/build/lib/aicar_driver/__init__.py -> /home/yusy/maedongyee/aicar_madongeeee/aicar_ws/install/aicar_driver/lib/python3.10/site-packages/aicar_driver
[0.744s] byte-compiling /home/yusy/maedongyee/aicar_madongeeee/aicar_ws/install/aicar_driver/lib/python3.10/site-packages/aicar_driver/motor_controller_node.py to motor_controller_node.cpython-310.pyc
[0.744s] byte-compiling /home/yusy/maedongyee/aicar_madongeeee/aicar_ws/install/aicar_driver/lib/python3.10/site-packages/aicar_driver/drive_direction_display_node.py to drive_direction_display_node.cpython-310.pyc
[0.744s] byte-compiling /home/yusy/maedongyee/aicar_madongeeee/aicar_ws/install/aicar_driver/lib/python3.10/site-packages/aicar_driver/differential_drive_node.py to differential_drive_node.cpython-310.pyc
[0.745s] byte-compiling /home/yusy/maedongyee/aicar_madongeeee/aicar_ws/install/aicar_driver/lib/python3.10/site-packages/aicar_driver/__init__.py to __init__.cpython-310.pyc
[0.745s] running install_data
[0.745s] creating /home/yusy/maedongyee/aicar_madongeeee/aicar_ws/install/aicar_driver/share/ament_index
[0.745s] creating /home/yusy/maedongyee/aicar_madongeeee/aicar_ws/install/aicar_driver/share/ament_index/resource_index
[0.745s] creating /home/yusy/maedongyee/aicar_madongeeee/aicar_ws/install/aicar_driver/share/ament_index/resource_index/packages
[0.745s] copying resource/aicar_driver -> /home/yusy/maedongyee/aicar_madongeeee/aicar_ws/install/aicar_driver/share/ament_index/resource_index/packages
[0.745s] copying package.xml -> /home/yusy/maedongyee/aicar_madongeeee/aicar_ws/install/aicar_driver/share/aicar_driver
[0.745s] running install_egg_info
[0.746s] Copying ../../build/aicar_driver/aicar_driver.egg-info to /home/yusy/maedongyee/aicar_madongeeee/aicar_ws/install/aicar_driver/lib/python3.10/site-packages/aicar_driver-0.0.0-py3.10.egg-info
[0.746s] running install_scripts
[0.757s] Installing differential_drive_node script to /home/yusy/maedongyee/aicar_madongeeee/aicar_ws/install/aicar_driver/lib/aicar_driver
[0.757s] Installing drive_direction_display_node script to /home/yusy/maedongyee/aicar_madongeeee/aicar_ws/install/aicar_driver/lib/aicar_driver
[0.758s] Installing motor_controller_node script to /home/yusy/maedongyee/aicar_madongeeee/aicar_ws/install/aicar_driver/lib/aicar_driver
[0.758s] writing list of installed files to '/home/yusy/maedongyee/aicar_madongeeee/aicar_ws/build/aicar_driver/install.log'
[0.778s] Invoked command in '/home/yusy/maedongyee/aicar_madongeeee/aicar_ws/src/aicar_driver' returned '0': PYTHONPATH=/home/yusy/maedongyee/aicar_madongeeee/aicar_ws/build/aicar_driver/prefix_override:/usr/lib/python3/dist-packages/colcon_core/task/python/colcon_distutils_commands:/home/yusy/maedongyee/aicar_madongeeee/aicar_ws/install/aicar_driver/lib/python3.10/site-packages:${PYTHONPATH} /usr/bin/python3 -W ignore:setup.py install is deprecated -W ignore:easy_install command is deprecated setup.py egg_info --egg-base ../../build/aicar_driver build --build-base /home/yusy/maedongyee/aicar_madongeeee/aicar_ws/build/aicar_driver/build install --record /home/yusy/maedongyee/aicar_madongeeee/aicar_ws/build/aicar_driver/install.log --single-version-externally-managed install_data
